{"C:\\1.HEIG-VD\\Semestre 5\\ArchiOWeb\\ProjetFinal\\animals-place-api\\animals-place\\app.js": {"path":"C:\\1.HEIG-VD\\Semestre 5\\ArchiOWeb\\ProjetFinal\\animals-place-api\\animals-place\\app.js","statementMap":{"0":{"start":{"line":16,"column":0},"end":{"line":16,"column":37}},"1":{"start":{"line":18,"column":12},"end":{"line":18,"column":21}},"2":{"start":{"line":22,"column":0},"end":{"line":22,"column":23}},"3":{"start":{"line":23,"column":0},"end":{"line":23,"column":24}},"4":{"start":{"line":24,"column":0},"end":{"line":24,"column":49}},"5":{"start":{"line":26,"column":0},"end":{"line":26,"column":26}},"6":{"start":{"line":27,"column":0},"end":{"line":27,"column":31}},"7":{"start":{"line":28,"column":0},"end":{"line":28,"column":35}},"8":{"start":{"line":29,"column":0},"end":{"line":29,"column":29}},"9":{"start":{"line":30,"column":0},"end":{"line":30,"column":37}},"10":{"start":{"line":31,"column":0},"end":{"line":31,"column":45}},"11":{"start":{"line":34,"column":0},"end":{"line":36,"column":3}},"12":{"start":{"line":35,"column":2},"end":{"line":35,"column":25}},"13":{"start":{"line":39,"column":0},"end":{"line":49,"column":3}},"14":{"start":{"line":40,"column":2},"end":{"line":40,"column":20}},"15":{"start":{"line":43,"column":2},"end":{"line":43,"column":35}},"16":{"start":{"line":44,"column":2},"end":{"line":44,"column":69}},"17":{"start":{"line":47,"column":2},"end":{"line":47,"column":32}},"18":{"start":{"line":48,"column":2},"end":{"line":48,"column":24}}},"fnMap":{"0":{"name":"(anonymous_0)","decl":{"start":{"line":34,"column":8},"end":{"line":34,"column":9}},"loc":{"start":{"line":34,"column":34},"end":{"line":36,"column":1}},"line":34},"1":{"name":"(anonymous_1)","decl":{"start":{"line":39,"column":8},"end":{"line":39,"column":9}},"loc":{"start":{"line":39,"column":39},"end":{"line":49,"column":1}},"line":39}},"branchMap":{"0":{"loc":{"start":{"line":44,"column":21},"end":{"line":44,"column":68}},"type":"cond-expr","locations":[{"start":{"line":44,"column":60},"end":{"line":44,"column":63}},{"start":{"line":44,"column":66},"end":{"line":44,"column":68}}],"line":44},"1":{"loc":{"start":{"line":47,"column":13},"end":{"line":47,"column":30}},"type":"binary-expr","locations":[{"start":{"line":47,"column":13},"end":{"line":47,"column":23}},{"start":{"line":47,"column":27},"end":{"line":47,"column":30}}],"line":47}},"s":{"0":3,"1":3,"2":3,"3":3,"4":3,"5":3,"6":3,"7":3,"8":3,"9":3,"10":3,"11":3,"12":0,"13":3,"14":0,"15":0,"16":0,"17":0,"18":0},"f":{"0":0,"1":0},"b":{"0":[0,0],"1":[0,0]},"_coverageSchema":"1a1c01bbd47fc00a2c39e90264f33305004495a9","hash":"54bc4b715f93f521cddec7e226c1d9b7bb37053a"}
,"C:\\1.HEIG-VD\\Semestre 5\\ArchiOWeb\\ProjetFinal\\animals-place-api\\animals-place\\config.js": {"path":"C:\\1.HEIG-VD\\Semestre 5\\ArchiOWeb\\ProjetFinal\\animals-place-api\\animals-place\\config.js","statementMap":{"0":{"start":{"line":2,"column":0},"end":{"line":2,"column":16}},"1":{"start":{"line":5,"column":2},"end":{"line":5,"column":73}},"2":{"start":{"line":6,"column":20},"end":{"line":6,"column":46}},"3":{"start":{"line":7,"column":25},"end":{"line":7,"column":61}}},"fnMap":{},"branchMap":{"0":{"loc":{"start":{"line":5,"column":2},"end":{"line":5,"column":73}},"type":"binary-expr","locations":[{"start":{"line":5,"column":2},"end":{"line":5,"column":26}},{"start":{"line":5,"column":30},"end":{"line":5,"column":73}}],"line":5},"1":{"loc":{"start":{"line":6,"column":20},"end":{"line":6,"column":46}},"type":"binary-expr","locations":[{"start":{"line":6,"column":20},"end":{"line":6,"column":36}},{"start":{"line":6,"column":40},"end":{"line":6,"column":46}}],"line":6},"2":{"loc":{"start":{"line":7,"column":25},"end":{"line":7,"column":61}},"type":"binary-expr","locations":[{"start":{"line":7,"column":25},"end":{"line":7,"column":47}},{"start":{"line":7,"column":51},"end":{"line":7,"column":61}}],"line":7}},"s":{"0":3,"1":3,"2":3,"3":3},"f":{},"b":{"0":[3,0],"1":[3,3],"2":[3,3]},"_coverageSchema":"1a1c01bbd47fc00a2c39e90264f33305004495a9","hash":"388f9d3baff630ed5788b63745b4545b389f9036"}
,"C:\\1.HEIG-VD\\Semestre 5\\ArchiOWeb\\ProjetFinal\\animals-place-api\\animals-place\\utils.js": {"path":"C:\\1.HEIG-VD\\Semestre 5\\ArchiOWeb\\ProjetFinal\\animals-place-api\\animals-place\\utils.js","statementMap":{"0":{"start":{"line":4,"column":2},"end":{"line":11,"column":3}},"1":{"start":{"line":5,"column":4},"end":{"line":5,"column":29}},"2":{"start":{"line":6,"column":4},"end":{"line":10,"column":5}},"3":{"start":{"line":7,"column":6},"end":{"line":9,"column":7}},"4":{"start":{"line":8,"column":8},"end":{"line":8,"column":65}},"5":{"start":{"line":12,"column":2},"end":{"line":12,"column":9}}},"fnMap":{"0":{"name":"idValidation","decl":{"start":{"line":3,"column":16},"end":{"line":3,"column":28}},"loc":{"start":{"line":3,"column":45},"end":{"line":13,"column":1}},"line":3}},"branchMap":{"0":{"loc":{"start":{"line":6,"column":4},"end":{"line":10,"column":5}},"type":"if","locations":[{"start":{"line":6,"column":4},"end":{"line":10,"column":5}},{"start":{},"end":{}}],"line":6},"1":{"loc":{"start":{"line":7,"column":6},"end":{"line":9,"column":7}},"type":"if","locations":[{"start":{"line":7,"column":6},"end":{"line":9,"column":7}},{"start":{},"end":{}}],"line":7}},"s":{"0":0,"1":0,"2":0,"3":0,"4":0,"5":0},"f":{"0":0},"b":{"0":[0,0],"1":[0,0]},"_coverageSchema":"1a1c01bbd47fc00a2c39e90264f33305004495a9","hash":"507cfdd26f2cdfe708de7ded91b811b03811a8ab"}
,"C:\\1.HEIG-VD\\Semestre 5\\ArchiOWeb\\ProjetFinal\\animals-place-api\\animals-place\\ws.js": {"path":"C:\\1.HEIG-VD\\Semestre 5\\ArchiOWeb\\ProjetFinal\\animals-place-api\\animals-place\\ws.js","statementMap":{"0":{"start":{"line":4,"column":14},"end":{"line":4,"column":53}},"1":{"start":{"line":6,"column":16},"end":{"line":6,"column":18}},"2":{"start":{"line":8,"column":24},"end":{"line":8,"column":33}},"3":{"start":{"line":11,"column":2},"end":{"line":11,"column":37}},"4":{"start":{"line":12,"column":14},"end":{"line":14,"column":4}},"5":{"start":{"line":17,"column":2},"end":{"line":45,"column":5}},"6":{"start":{"line":18,"column":4},"end":{"line":18,"column":44}},"7":{"start":{"line":19,"column":4},"end":{"line":19,"column":50}},"8":{"start":{"line":22,"column":4},"end":{"line":22,"column":21}},"9":{"start":{"line":25,"column":4},"end":{"line":38,"column":7}},"10":{"start":{"line":28,"column":6},"end":{"line":33,"column":7}},"11":{"start":{"line":29,"column":8},"end":{"line":29,"column":44}},"12":{"start":{"line":32,"column":8},"end":{"line":32,"column":66}},"13":{"start":{"line":36,"column":6},"end":{"line":36,"column":43}},"14":{"start":{"line":37,"column":6},"end":{"line":37,"column":56}},"15":{"start":{"line":41,"column":4},"end":{"line":44,"column":7}},"16":{"start":{"line":42,"column":6},"end":{"line":42,"column":45}},"17":{"start":{"line":43,"column":6},"end":{"line":43,"column":45}},"18":{"start":{"line":49,"column":2},"end":{"line":51,"column":4}},"19":{"start":{"line":53,"column":2},"end":{"line":53,"column":58}},"20":{"start":{"line":53,"column":25},"end":{"line":53,"column":56}},"21":{"start":{"line":54,"column":2},"end":{"line":54,"column":53}},"22":{"start":{"line":58,"column":2},"end":{"line":58,"column":77}},"23":{"start":{"line":60,"column":2},"end":{"line":60,"column":47}},"24":{"start":{"line":61,"column":2},"end":{"line":61,"column":37}},"25":{"start":{"line":63,"column":17},"end":{"line":63,"column":44}},"26":{"start":{"line":64,"column":2},"end":{"line":64,"column":35}},"27":{"start":{"line":66,"column":2},"end":{"line":77,"column":3}},"28":{"start":{"line":67,"column":4},"end":{"line":72,"column":5}},"29":{"start":{"line":68,"column":6},"end":{"line":68,"column":43}},"30":{"start":{"line":69,"column":6},"end":{"line":69,"column":57}},"31":{"start":{"line":71,"column":6},"end":{"line":71,"column":63}},"32":{"start":{"line":74,"column":4},"end":{"line":76,"column":6}},"33":{"start":{"line":81,"column":2},"end":{"line":81,"column":66}},"34":{"start":{"line":84,"column":2},"end":{"line":87,"column":3}},"35":{"start":{"line":85,"column":4},"end":{"line":85,"column":40}},"36":{"start":{"line":86,"column":4},"end":{"line":86,"column":55}}},"fnMap":{"0":{"name":"createWebSocketServer","decl":{"start":{"line":10,"column":16},"end":{"line":10,"column":37}},"loc":{"start":{"line":10,"column":50},"end":{"line":46,"column":1}},"line":10},"1":{"name":"(anonymous_1)","decl":{"start":{"line":17,"column":23},"end":{"line":17,"column":24}},"loc":{"start":{"line":17,"column":37},"end":{"line":45,"column":3}},"line":17},"2":{"name":"(anonymous_2)","decl":{"start":{"line":25,"column":21},"end":{"line":25,"column":22}},"loc":{"start":{"line":25,"column":34},"end":{"line":38,"column":5}},"line":25},"3":{"name":"(anonymous_3)","decl":{"start":{"line":41,"column":19},"end":{"line":41,"column":20}},"loc":{"start":{"line":41,"column":25},"end":{"line":44,"column":5}},"line":41},"4":{"name":"broadcastMessage","decl":{"start":{"line":48,"column":16},"end":{"line":48,"column":32}},"loc":{"start":{"line":48,"column":42},"end":{"line":55,"column":1}},"line":48},"5":{"name":"(anonymous_5)","decl":{"start":{"line":53,"column":18},"end":{"line":53,"column":19}},"loc":{"start":{"line":53,"column":25},"end":{"line":53,"column":56}},"line":53},"6":{"name":"sendMessageToConnectedClient","decl":{"start":{"line":57,"column":16},"end":{"line":57,"column":44}},"loc":{"start":{"line":57,"column":62},"end":{"line":78,"column":1}},"line":57},"7":{"name":"onMessageReceived","decl":{"start":{"line":80,"column":9},"end":{"line":80,"column":26}},"loc":{"start":{"line":80,"column":40},"end":{"line":88,"column":1}},"line":80}},"branchMap":{"0":{"loc":{"start":{"line":66,"column":2},"end":{"line":77,"column":3}},"type":"if","locations":[{"start":{"line":66,"column":2},"end":{"line":77,"column":3}},{"start":{"line":73,"column":9},"end":{"line":77,"column":3}}],"line":66},"1":{"loc":{"start":{"line":66,"column":6},"end":{"line":66,"column":49}},"type":"binary-expr","locations":[{"start":{"line":66,"column":6},"end":{"line":66,"column":12}},{"start":{"line":66,"column":16},"end":{"line":66,"column":49}}],"line":66},"2":{"loc":{"start":{"line":84,"column":2},"end":{"line":87,"column":3}},"type":"if","locations":[{"start":{"line":84,"column":2},"end":{"line":87,"column":3}},{"start":{},"end":{}}],"line":84}},"s":{"0":3,"1":3,"2":3,"3":0,"4":0,"5":0,"6":0,"7":0,"8":0,"9":0,"10":0,"11":0,"12":0,"13":0,"14":0,"15":0,"16":0,"17":0,"18":3,"19":3,"20":0,"21":3,"22":1,"23":1,"24":1,"25":1,"26":1,"27":1,"28":0,"29":0,"30":0,"31":0,"32":1,"33":0,"34":0,"35":0,"36":0},"f":{"0":0,"1":0,"2":0,"3":0,"4":3,"5":0,"6":1,"7":0},"b":{"0":[0,1],"1":[1,0],"2":[0,0]},"_coverageSchema":"1a1c01bbd47fc00a2c39e90264f33305004495a9","hash":"c8de4320298cec8a75582ab91f1662ec5d0feb08"}
,"C:\\1.HEIG-VD\\Semestre 5\\ArchiOWeb\\ProjetFinal\\animals-place-api\\animals-place\\models\\animal.js": {"path":"C:\\1.HEIG-VD\\Semestre 5\\ArchiOWeb\\ProjetFinal\\animals-place-api\\animals-place\\models\\animal.js","statementMap":{"0":{"start":{"line":2,"column":15},"end":{"line":2,"column":30}},"1":{"start":{"line":4,"column":21},"end":{"line":69,"column":2}}},"fnMap":{},"branchMap":{},"s":{"0":3,"1":3},"f":{},"b":{},"_coverageSchema":"1a1c01bbd47fc00a2c39e90264f33305004495a9","hash":"c27ea90183ca6990d932afc6d0fd746b90820275"}
,"C:\\1.HEIG-VD\\Semestre 5\\ArchiOWeb\\ProjetFinal\\animals-place-api\\animals-place\\models\\meeting.js": {"path":"C:\\1.HEIG-VD\\Semestre 5\\ArchiOWeb\\ProjetFinal\\animals-place-api\\animals-place\\models\\meeting.js","statementMap":{"0":{"start":{"line":2,"column":15},"end":{"line":2,"column":30}},"1":{"start":{"line":4,"column":22},"end":{"line":31,"column":2}}},"fnMap":{},"branchMap":{},"s":{"0":3,"1":3},"f":{},"b":{},"_coverageSchema":"1a1c01bbd47fc00a2c39e90264f33305004495a9","hash":"fc8c577485349d051c714c5d9188f1f24c9069e9"}
,"C:\\1.HEIG-VD\\Semestre 5\\ArchiOWeb\\ProjetFinal\\animals-place-api\\animals-place\\models\\user.js": {"path":"C:\\1.HEIG-VD\\Semestre 5\\ArchiOWeb\\ProjetFinal\\animals-place-api\\animals-place\\models\\user.js","statementMap":{"0":{"start":{"line":2,"column":15},"end":{"line":2,"column":30}},"1":{"start":{"line":4,"column":19},"end":{"line":67,"column":2}},"2":{"start":{"line":70,"column":0},"end":{"line":70,"column":43}},"3":{"start":{"line":74,"column":2},"end":{"line":80,"column":4}},"4":{"start":{"line":84,"column":2},"end":{"line":84,"column":37}},"5":{"start":{"line":88,"column":2},"end":{"line":88,"column":39}},"6":{"start":{"line":91,"column":0},"end":{"line":93,"column":3}},"7":{"start":{"line":96,"column":2},"end":{"line":96,"column":23}},"8":{"start":{"line":97,"column":2},"end":{"line":97,"column":14}}},"fnMap":{"0":{"name":"validateGeoJsonCoordinates","decl":{"start":{"line":73,"column":9},"end":{"line":73,"column":35}},"loc":{"start":{"line":73,"column":43},"end":{"line":81,"column":1}},"line":73},"1":{"name":"isLatitude","decl":{"start":{"line":83,"column":9},"end":{"line":83,"column":19}},"loc":{"start":{"line":83,"column":27},"end":{"line":85,"column":1}},"line":83},"2":{"name":"isLongitude","decl":{"start":{"line":87,"column":9},"end":{"line":87,"column":20}},"loc":{"start":{"line":87,"column":28},"end":{"line":89,"column":1}},"line":87},"3":{"name":"transformJsonUser","decl":{"start":{"line":95,"column":9},"end":{"line":95,"column":26}},"loc":{"start":{"line":95,"column":47},"end":{"line":98,"column":1}},"line":95}},"branchMap":{"0":{"loc":{"start":{"line":75,"column":4},"end":{"line":79,"column":24}},"type":"binary-expr","locations":[{"start":{"line":75,"column":4},"end":{"line":75,"column":24}},{"start":{"line":76,"column":4},"end":{"line":76,"column":21}},{"start":{"line":77,"column":4},"end":{"line":77,"column":21}},{"start":{"line":78,"column":4},"end":{"line":78,"column":25}},{"start":{"line":79,"column":4},"end":{"line":79,"column":24}}],"line":75},"1":{"loc":{"start":{"line":84,"column":9},"end":{"line":84,"column":36}},"type":"binary-expr","locations":[{"start":{"line":84,"column":9},"end":{"line":84,"column":21}},{"start":{"line":84,"column":25},"end":{"line":84,"column":36}}],"line":84},"2":{"loc":{"start":{"line":88,"column":9},"end":{"line":88,"column":38}},"type":"binary-expr","locations":[{"start":{"line":88,"column":9},"end":{"line":88,"column":22}},{"start":{"line":88,"column":26},"end":{"line":88,"column":38}}],"line":88}},"s":{"0":3,"1":3,"2":3,"3":17,"4":17,"5":17,"6":3,"7":2,"8":2},"f":{"0":17,"1":17,"2":17,"3":2},"b":{"0":[17,17,17,17,17],"1":[17,17],"2":[17,17]},"_coverageSchema":"1a1c01bbd47fc00a2c39e90264f33305004495a9","hash":"c1e9c39f5b164946aeabd979a668da26efbbe3c1"}
,"C:\\1.HEIG-VD\\Semestre 5\\ArchiOWeb\\ProjetFinal\\animals-place-api\\animals-place\\routes\\animals.js": {"path":"C:\\1.HEIG-VD\\Semestre 5\\ArchiOWeb\\ProjetFinal\\animals-place-api\\animals-place\\routes\\animals.js","statementMap":{"0":{"start":{"line":8,"column":15},"end":{"line":8,"column":31}},"1":{"start":{"line":11,"column":0},"end":{"line":37,"column":3}},"2":{"start":{"line":12,"column":2},"end":{"line":36,"column":3}},"3":{"start":{"line":13,"column":27},"end":{"line":13,"column":44}},"4":{"start":{"line":14,"column":4},"end":{"line":14,"column":32}},"5":{"start":{"line":15,"column":21},"end":{"line":15,"column":27}},"6":{"start":{"line":17,"column":4},"end":{"line":19,"column":5}},"7":{"start":{"line":18,"column":6},"end":{"line":18,"column":64}},"8":{"start":{"line":22,"column":19},"end":{"line":22,"column":36}},"9":{"start":{"line":25,"column":20},"end":{"line":31,"column":13}},"10":{"start":{"line":33,"column":4},"end":{"line":33,"column":22}},"11":{"start":{"line":35,"column":4},"end":{"line":35,"column":14}},"12":{"start":{"line":40,"column":0},"end":{"line":54,"column":3}},"13":{"start":{"line":41,"column":2},"end":{"line":53,"column":3}},"14":{"start":{"line":42,"column":19},"end":{"line":42,"column":36}},"15":{"start":{"line":45,"column":20},"end":{"line":48,"column":13}},"16":{"start":{"line":50,"column":4},"end":{"line":50,"column":22}},"17":{"start":{"line":52,"column":4},"end":{"line":52,"column":14}},"18":{"start":{"line":57,"column":0},"end":{"line":81,"column":3}},"19":{"start":{"line":58,"column":2},"end":{"line":80,"column":3}},"20":{"start":{"line":60,"column":19},"end":{"line":60,"column":36}},"21":{"start":{"line":63,"column":18},"end":{"line":75,"column":6}},"22":{"start":{"line":77,"column":4},"end":{"line":77,"column":20}},"23":{"start":{"line":79,"column":4},"end":{"line":79,"column":14}},"24":{"start":{"line":83,"column":0},"end":{"line":113,"column":3}},"25":{"start":{"line":84,"column":2},"end":{"line":112,"column":3}},"26":{"start":{"line":86,"column":17},"end":{"line":86,"column":55}},"27":{"start":{"line":87,"column":24},"end":{"line":87,"column":44}},"28":{"start":{"line":89,"column":4},"end":{"line":94,"column":5}},"29":{"start":{"line":91,"column":20},"end":{"line":91,"column":59}},"30":{"start":{"line":92,"column":6},"end":{"line":92,"column":25}},"31":{"start":{"line":93,"column":6},"end":{"line":93,"column":18}},"32":{"start":{"line":97,"column":22},"end":{"line":97,"column":42}},"33":{"start":{"line":98,"column":4},"end":{"line":98,"column":31}},"34":{"start":{"line":99,"column":24},"end":{"line":99,"column":46}},"35":{"start":{"line":102,"column":4},"end":{"line":102,"column":39}},"36":{"start":{"line":103,"column":4},"end":{"line":103,"column":22}},"37":{"start":{"line":105,"column":4},"end":{"line":105,"column":38}},"38":{"start":{"line":106,"column":4},"end":{"line":109,"column":7}},"39":{"start":{"line":111,"column":4},"end":{"line":111,"column":14}},"40":{"start":{"line":115,"column":0},"end":{"line":148,"column":3}},"41":{"start":{"line":116,"column":2},"end":{"line":147,"column":3}},"42":{"start":{"line":117,"column":21},"end":{"line":117,"column":40}},"43":{"start":{"line":118,"column":26},"end":{"line":121,"column":6}},"44":{"start":{"line":123,"column":4},"end":{"line":129,"column":5}},"45":{"start":{"line":124,"column":20},"end":{"line":126,"column":7}},"46":{"start":{"line":127,"column":6},"end":{"line":127,"column":25}},"47":{"start":{"line":128,"column":6},"end":{"line":128,"column":18}},"48":{"start":{"line":132,"column":17},"end":{"line":132,"column":55}},"49":{"start":{"line":133,"column":4},"end":{"line":133,"column":41}},"50":{"start":{"line":135,"column":21},"end":{"line":137,"column":6}},"51":{"start":{"line":138,"column":4},"end":{"line":140,"column":7}},"52":{"start":{"line":139,"column":6},"end":{"line":139,"column":51}},"53":{"start":{"line":142,"column":4},"end":{"line":142,"column":22}},"54":{"start":{"line":144,"column":4},"end":{"line":144,"column":76}},"55":{"start":{"line":146,"column":4},"end":{"line":146,"column":21}},"56":{"start":{"line":150,"column":0},"end":{"line":200,"column":3}},"57":{"start":{"line":151,"column":2},"end":{"line":199,"column":3}},"58":{"start":{"line":152,"column":21},"end":{"line":152,"column":40}},"59":{"start":{"line":153,"column":20},"end":{"line":153,"column":28}},"60":{"start":{"line":155,"column":19},"end":{"line":155,"column":50}},"61":{"start":{"line":157,"column":4},"end":{"line":160,"column":5}},"62":{"start":{"line":158,"column":6},"end":{"line":158,"column":61}},"63":{"start":{"line":159,"column":6},"end":{"line":159,"column":13}},"64":{"start":{"line":162,"column":4},"end":{"line":167,"column":5}},"65":{"start":{"line":163,"column":6},"end":{"line":165,"column":9}},"66":{"start":{"line":166,"column":6},"end":{"line":166,"column":13}},"67":{"start":{"line":170,"column":25},"end":{"line":175,"column":5}},"68":{"start":{"line":177,"column":30},"end":{"line":179,"column":5}},"69":{"start":{"line":178,"column":15},"end":{"line":178,"column":33}},"70":{"start":{"line":181,"column":4},"end":{"line":188,"column":5}},"71":{"start":{"line":182,"column":6},"end":{"line":186,"column":9}},"72":{"start":{"line":187,"column":6},"end":{"line":187,"column":13}},"73":{"start":{"line":190,"column":4},"end":{"line":190,"column":40}},"74":{"start":{"line":192,"column":4},"end":{"line":192,"column":34}},"75":{"start":{"line":193,"column":26},"end":{"line":193,"column":45}},"76":{"start":{"line":195,"column":4},"end":{"line":195,"column":48}},"77":{"start":{"line":196,"column":4},"end":{"line":196,"column":40}},"78":{"start":{"line":198,"column":4},"end":{"line":198,"column":16}},"79":{"start":{"line":203,"column":0},"end":{"line":237,"column":3}},"80":{"start":{"line":204,"column":2},"end":{"line":236,"column":3}},"81":{"start":{"line":205,"column":27},"end":{"line":205,"column":47}},"82":{"start":{"line":206,"column":21},"end":{"line":206,"column":40}},"83":{"start":{"line":207,"column":19},"end":{"line":207,"column":50}},"84":{"start":{"line":209,"column":4},"end":{"line":212,"column":5}},"85":{"start":{"line":210,"column":6},"end":{"line":210,"column":61}},"86":{"start":{"line":211,"column":6},"end":{"line":211,"column":13}},"87":{"start":{"line":214,"column":4},"end":{"line":219,"column":5}},"88":{"start":{"line":215,"column":6},"end":{"line":217,"column":9}},"89":{"start":{"line":218,"column":6},"end":{"line":218,"column":13}},"90":{"start":{"line":221,"column":4},"end":{"line":231,"column":5}},"91":{"start":{"line":223,"column":31},"end":{"line":225,"column":26}},"92":{"start":{"line":227,"column":6},"end":{"line":229,"column":9}},"93":{"start":{"line":228,"column":8},"end":{"line":228,"column":44}},"94":{"start":{"line":230,"column":6},"end":{"line":230,"column":26}},"95":{"start":{"line":233,"column":4},"end":{"line":233,"column":69}},"96":{"start":{"line":235,"column":4},"end":{"line":235,"column":16}},"97":{"start":{"line":240,"column":0},"end":{"line":282,"column":3}},"98":{"start":{"line":241,"column":2},"end":{"line":281,"column":3}},"99":{"start":{"line":242,"column":30},"end":{"line":242,"column":50}},"100":{"start":{"line":243,"column":21},"end":{"line":243,"column":40}},"101":{"start":{"line":244,"column":19},"end":{"line":244,"column":50}},"102":{"start":{"line":245,"column":24},"end":{"line":245,"column":42}},"103":{"start":{"line":247,"column":4},"end":{"line":250,"column":5}},"104":{"start":{"line":248,"column":6},"end":{"line":248,"column":61}},"105":{"start":{"line":249,"column":6},"end":{"line":249,"column":13}},"106":{"start":{"line":252,"column":4},"end":{"line":257,"column":5}},"107":{"start":{"line":253,"column":6},"end":{"line":255,"column":9}},"108":{"start":{"line":256,"column":6},"end":{"line":256,"column":13}},"109":{"start":{"line":259,"column":4},"end":{"line":276,"column":5}},"110":{"start":{"line":261,"column":29},"end":{"line":261,"column":75}},"111":{"start":{"line":262,"column":6},"end":{"line":262,"column":31}},"112":{"start":{"line":263,"column":6},"end":{"line":268,"column":7}},"113":{"start":{"line":264,"column":8},"end":{"line":266,"column":11}},"114":{"start":{"line":267,"column":8},"end":{"line":267,"column":15}},"115":{"start":{"line":271,"column":6},"end":{"line":273,"column":8}},"116":{"start":{"line":272,"column":17},"end":{"line":272,"column":42}},"117":{"start":{"line":275,"column":6},"end":{"line":275,"column":26}},"118":{"start":{"line":278,"column":4},"end":{"line":278,"column":69}},"119":{"start":{"line":280,"column":4},"end":{"line":280,"column":16}}},"fnMap":{"0":{"name":"(anonymous_0)","decl":{"start":{"line":11,"column":30},"end":{"line":11,"column":31}},"loc":{"start":{"line":11,"column":62},"end":{"line":37,"column":1}},"line":11},"1":{"name":"(anonymous_1)","decl":{"start":{"line":40,"column":39},"end":{"line":40,"column":40}},"loc":{"start":{"line":40,"column":71},"end":{"line":54,"column":1}},"line":40},"2":{"name":"(anonymous_2)","decl":{"start":{"line":57,"column":35},"end":{"line":57,"column":36}},"loc":{"start":{"line":57,"column":67},"end":{"line":81,"column":1}},"line":57},"3":{"name":"(anonymous_3)","decl":{"start":{"line":83,"column":31},"end":{"line":83,"column":32}},"loc":{"start":{"line":83,"column":57},"end":{"line":113,"column":1}},"line":83},"4":{"name":"(anonymous_4)","decl":{"start":{"line":115,"column":42},"end":{"line":115,"column":43}},"loc":{"start":{"line":115,"column":68},"end":{"line":148,"column":1}},"line":115},"5":{"name":"(anonymous_5)","decl":{"start":{"line":138,"column":21},"end":{"line":138,"column":22}},"loc":{"start":{"line":138,"column":40},"end":{"line":140,"column":5}},"line":138},"6":{"name":"(anonymous_6)","decl":{"start":{"line":150,"column":40},"end":{"line":150,"column":41}},"loc":{"start":{"line":150,"column":66},"end":{"line":200,"column":1}},"line":150},"7":{"name":"(anonymous_7)","decl":{"start":{"line":178,"column":6},"end":{"line":178,"column":7}},"loc":{"start":{"line":178,"column":15},"end":{"line":178,"column":33}},"line":178},"8":{"name":"(anonymous_8)","decl":{"start":{"line":203,"column":47},"end":{"line":203,"column":48}},"loc":{"start":{"line":203,"column":73},"end":{"line":237,"column":1}},"line":203},"9":{"name":"(anonymous_9)","decl":{"start":{"line":227,"column":31},"end":{"line":227,"column":32}},"loc":{"start":{"line":227,"column":47},"end":{"line":229,"column":7}},"line":227},"10":{"name":"(anonymous_10)","decl":{"start":{"line":240,"column":50},"end":{"line":240,"column":51}},"loc":{"start":{"line":240,"column":76},"end":{"line":282,"column":1}},"line":240},"11":{"name":"(anonymous_11)","decl":{"start":{"line":272,"column":8},"end":{"line":272,"column":9}},"loc":{"start":{"line":272,"column":17},"end":{"line":272,"column":42}},"line":272}},"branchMap":{"0":{"loc":{"start":{"line":17,"column":4},"end":{"line":19,"column":5}},"type":"if","locations":[{"start":{"line":17,"column":4},"end":{"line":19,"column":5}},{"start":{},"end":{}}],"line":17},"1":{"loc":{"start":{"line":89,"column":4},"end":{"line":94,"column":5}},"type":"if","locations":[{"start":{"line":89,"column":4},"end":{"line":94,"column":5}},{"start":{},"end":{}}],"line":89},"2":{"loc":{"start":{"line":123,"column":4},"end":{"line":129,"column":5}},"type":"if","locations":[{"start":{"line":123,"column":4},"end":{"line":129,"column":5}},{"start":{},"end":{}}],"line":123},"3":{"loc":{"start":{"line":157,"column":4},"end":{"line":160,"column":5}},"type":"if","locations":[{"start":{"line":157,"column":4},"end":{"line":160,"column":5}},{"start":{},"end":{}}],"line":157},"4":{"loc":{"start":{"line":162,"column":4},"end":{"line":167,"column":5}},"type":"if","locations":[{"start":{"line":162,"column":4},"end":{"line":167,"column":5}},{"start":{},"end":{}}],"line":162},"5":{"loc":{"start":{"line":181,"column":4},"end":{"line":188,"column":5}},"type":"if","locations":[{"start":{"line":181,"column":4},"end":{"line":188,"column":5}},{"start":{},"end":{}}],"line":181},"6":{"loc":{"start":{"line":209,"column":4},"end":{"line":212,"column":5}},"type":"if","locations":[{"start":{"line":209,"column":4},"end":{"line":212,"column":5}},{"start":{},"end":{}}],"line":209},"7":{"loc":{"start":{"line":214,"column":4},"end":{"line":219,"column":5}},"type":"if","locations":[{"start":{"line":214,"column":4},"end":{"line":219,"column":5}},{"start":{},"end":{}}],"line":214},"8":{"loc":{"start":{"line":221,"column":4},"end":{"line":231,"column":5}},"type":"if","locations":[{"start":{"line":221,"column":4},"end":{"line":231,"column":5}},{"start":{},"end":{}}],"line":221},"9":{"loc":{"start":{"line":223,"column":31},"end":{"line":225,"column":26}},"type":"cond-expr","locations":[{"start":{"line":224,"column":10},"end":{"line":224,"column":24}},{"start":{"line":225,"column":10},"end":{"line":225,"column":26}}],"line":223},"10":{"loc":{"start":{"line":247,"column":4},"end":{"line":250,"column":5}},"type":"if","locations":[{"start":{"line":247,"column":4},"end":{"line":250,"column":5}},{"start":{},"end":{}}],"line":247},"11":{"loc":{"start":{"line":252,"column":4},"end":{"line":257,"column":5}},"type":"if","locations":[{"start":{"line":252,"column":4},"end":{"line":257,"column":5}},{"start":{},"end":{}}],"line":252},"12":{"loc":{"start":{"line":259,"column":4},"end":{"line":276,"column":5}},"type":"if","locations":[{"start":{"line":259,"column":4},"end":{"line":276,"column":5}},{"start":{},"end":{}}],"line":259},"13":{"loc":{"start":{"line":263,"column":6},"end":{"line":268,"column":7}},"type":"if","locations":[{"start":{"line":263,"column":6},"end":{"line":268,"column":7}},{"start":{},"end":{}}],"line":263}},"s":{"0":3,"1":3,"2":1,"3":1,"4":1,"5":1,"6":1,"7":0,"8":1,"9":1,"10":1,"11":0,"12":3,"13":1,"14":1,"15":1,"16":1,"17":0,"18":3,"19":0,"20":0,"21":0,"22":0,"23":0,"24":3,"25":2,"26":2,"27":2,"28":2,"29":0,"30":0,"31":0,"32":2,"33":2,"34":2,"35":2,"36":2,"37":2,"38":2,"39":0,"40":3,"41":0,"42":0,"43":0,"44":0,"45":0,"46":0,"47":0,"48":0,"49":0,"50":0,"51":0,"52":0,"53":0,"54":0,"55":0,"56":3,"57":0,"58":0,"59":0,"60":0,"61":0,"62":0,"63":0,"64":0,"65":0,"66":0,"67":0,"68":0,"69":0,"70":0,"71":0,"72":0,"73":0,"74":0,"75":0,"76":0,"77":0,"78":0,"79":3,"80":0,"81":0,"82":0,"83":0,"84":0,"85":0,"86":0,"87":0,"88":0,"89":0,"90":0,"91":0,"92":0,"93":0,"94":0,"95":0,"96":0,"97":3,"98":0,"99":0,"100":0,"101":0,"102":0,"103":0,"104":0,"105":0,"106":0,"107":0,"108":0,"109":0,"110":0,"111":0,"112":0,"113":0,"114":0,"115":0,"116":0,"117":0,"118":0,"119":0},"f":{"0":1,"1":1,"2":0,"3":2,"4":0,"5":0,"6":0,"7":0,"8":0,"9":0,"10":0,"11":0},"b":{"0":[0,1],"1":[0,2],"2":[0,0],"3":[0,0],"4":[0,0],"5":[0,0],"6":[0,0],"7":[0,0],"8":[0,0],"9":[0,0],"10":[0,0],"11":[0,0],"12":[0,0],"13":[0,0]},"_coverageSchema":"1a1c01bbd47fc00a2c39e90264f33305004495a9","hash":"787525d61e9b0be34cac88423b1b4f4d5c446168"}
,"C:\\1.HEIG-VD\\Semestre 5\\ArchiOWeb\\ProjetFinal\\animals-place-api\\animals-place\\routes\\auth.js": {"path":"C:\\1.HEIG-VD\\Semestre 5\\ArchiOWeb\\ProjetFinal\\animals-place-api\\animals-place\\routes\\auth.js","statementMap":{"0":{"start":{"line":8,"column":15},"end":{"line":8,"column":31}},"1":{"start":{"line":11,"column":0},"end":{"line":44,"column":3}},"2":{"start":{"line":12,"column":2},"end":{"line":40,"column":3}},"3":{"start":{"line":13,"column":17},"end":{"line":13,"column":62}},"4":{"start":{"line":15,"column":4},"end":{"line":17,"column":5}},"5":{"start":{"line":16,"column":6},"end":{"line":16,"column":33}},"6":{"start":{"line":19,"column":18},"end":{"line":19,"column":72}},"7":{"start":{"line":21,"column":4},"end":{"line":23,"column":5}},"8":{"start":{"line":22,"column":6},"end":{"line":22,"column":33}},"9":{"start":{"line":25,"column":16},"end":{"line":25,"column":61}},"10":{"start":{"line":26,"column":20},"end":{"line":30,"column":5}},"11":{"start":{"line":32,"column":4},"end":{"line":37,"column":7}},"12":{"start":{"line":33,"column":6},"end":{"line":35,"column":7}},"13":{"start":{"line":34,"column":8},"end":{"line":34,"column":25}},"14":{"start":{"line":36,"column":6},"end":{"line":36,"column":45}},"15":{"start":{"line":39,"column":4},"end":{"line":39,"column":14}},"16":{"start":{"line":41,"column":2},"end":{"line":43,"column":5}},"17":{"start":{"line":50,"column":24},"end":{"line":50,"column":48}},"18":{"start":{"line":51,"column":2},"end":{"line":53,"column":3}},"19":{"start":{"line":52,"column":4},"end":{"line":52,"column":67}},"20":{"start":{"line":55,"column":16},"end":{"line":55,"column":52}},"21":{"start":{"line":56,"column":2},"end":{"line":58,"column":3}},"22":{"start":{"line":57,"column":4},"end":{"line":57,"column":78}},"23":{"start":{"line":60,"column":16},"end":{"line":60,"column":24}},"24":{"start":{"line":62,"column":2},"end":{"line":73,"column":3}},"25":{"start":{"line":63,"column":20},"end":{"line":63,"column":54}},"26":{"start":{"line":64,"column":4},"end":{"line":64,"column":36}},"27":{"start":{"line":67,"column":18},"end":{"line":67,"column":31}},"28":{"start":{"line":68,"column":4},"end":{"line":68,"column":63}},"29":{"start":{"line":70,"column":4},"end":{"line":70,"column":11}},"30":{"start":{"line":72,"column":4},"end":{"line":72,"column":72}},"31":{"start":{"line":77,"column":2},"end":{"line":89,"column":4}},"32":{"start":{"line":78,"column":4},"end":{"line":80,"column":5}},"33":{"start":{"line":79,"column":6},"end":{"line":79,"column":33}},"34":{"start":{"line":82,"column":23},"end":{"line":82,"column":78}},"35":{"start":{"line":84,"column":4},"end":{"line":86,"column":5}},"36":{"start":{"line":85,"column":6},"end":{"line":85,"column":33}},"37":{"start":{"line":88,"column":4},"end":{"line":88,"column":11}},"38":{"start":{"line":92,"column":0},"end":{"line":95,"column":3}},"39":{"start":{"line":93,"column":2},"end":{"line":93,"column":27}},"40":{"start":{"line":94,"column":2},"end":{"line":94,"column":22}}},"fnMap":{"0":{"name":"(anonymous_0)","decl":{"start":{"line":11,"column":22},"end":{"line":11,"column":23}},"loc":{"start":{"line":11,"column":48},"end":{"line":44,"column":1}},"line":11},"1":{"name":"(anonymous_1)","decl":{"start":{"line":32,"column":33},"end":{"line":32,"column":34}},"loc":{"start":{"line":32,"column":49},"end":{"line":37,"column":5}},"line":32},"2":{"name":"authenticate","decl":{"start":{"line":48,"column":22},"end":{"line":48,"column":34}},"loc":{"start":{"line":48,"column":51},"end":{"line":74,"column":1}},"line":48},"3":{"name":"authorize","decl":{"start":{"line":76,"column":16},"end":{"line":76,"column":25}},"loc":{"start":{"line":76,"column":46},"end":{"line":90,"column":1}},"line":76},"4":{"name":"authorizationMiddleware","decl":{"start":{"line":77,"column":18},"end":{"line":77,"column":41}},"loc":{"start":{"line":77,"column":58},"end":{"line":89,"column":3}},"line":77},"5":{"name":"(anonymous_5)","decl":{"start":{"line":92,"column":23},"end":{"line":92,"column":24}},"loc":{"start":{"line":92,"column":37},"end":{"line":95,"column":1}},"line":92}},"branchMap":{"0":{"loc":{"start":{"line":15,"column":4},"end":{"line":17,"column":5}},"type":"if","locations":[{"start":{"line":15,"column":4},"end":{"line":17,"column":5}},{"start":{},"end":{}}],"line":15},"1":{"loc":{"start":{"line":21,"column":4},"end":{"line":23,"column":5}},"type":"if","locations":[{"start":{"line":21,"column":4},"end":{"line":23,"column":5}},{"start":{},"end":{}}],"line":21},"2":{"loc":{"start":{"line":33,"column":6},"end":{"line":35,"column":7}},"type":"if","locations":[{"start":{"line":33,"column":6},"end":{"line":35,"column":7}},{"start":{},"end":{}}],"line":33},"3":{"loc":{"start":{"line":51,"column":2},"end":{"line":53,"column":3}},"type":"if","locations":[{"start":{"line":51,"column":2},"end":{"line":53,"column":3}},{"start":{},"end":{}}],"line":51},"4":{"loc":{"start":{"line":56,"column":2},"end":{"line":58,"column":3}},"type":"if","locations":[{"start":{"line":56,"column":2},"end":{"line":58,"column":3}},{"start":{},"end":{}}],"line":56},"5":{"loc":{"start":{"line":68,"column":33},"end":{"line":68,"column":62}},"type":"cond-expr","locations":[{"start":{"line":68,"column":41},"end":{"line":68,"column":57}},{"start":{"line":68,"column":60},"end":{"line":68,"column":62}}],"line":68},"6":{"loc":{"start":{"line":78,"column":4},"end":{"line":80,"column":5}},"type":"if","locations":[{"start":{"line":78,"column":4},"end":{"line":80,"column":5}},{"start":{},"end":{}}],"line":78},"7":{"loc":{"start":{"line":84,"column":4},"end":{"line":86,"column":5}},"type":"if","locations":[{"start":{"line":84,"column":4},"end":{"line":86,"column":5}},{"start":{},"end":{}}],"line":84}},"s":{"0":3,"1":3,"2":0,"3":0,"4":0,"5":0,"6":0,"7":0,"8":0,"9":0,"10":0,"11":0,"12":0,"13":0,"14":0,"15":0,"16":0,"17":6,"18":6,"19":0,"20":6,"21":6,"22":0,"23":6,"24":6,"25":6,"26":6,"27":6,"28":6,"29":6,"30":0,"31":6,"32":1,"33":0,"34":1,"35":1,"36":1,"37":0,"38":3,"39":0,"40":0},"f":{"0":0,"1":0,"2":6,"3":6,"4":1,"5":0},"b":{"0":[0,0],"1":[0,0],"2":[0,0],"3":[0,6],"4":[0,6],"5":[0,6],"6":[0,1],"7":[1,0]},"_coverageSchema":"1a1c01bbd47fc00a2c39e90264f33305004495a9","hash":"f1046a4a45f56ea5e8ebee4401d7356356d62bc4"}
,"C:\\1.HEIG-VD\\Semestre 5\\ArchiOWeb\\ProjetFinal\\animals-place-api\\animals-place\\routes\\index.js": {"path":"C:\\1.HEIG-VD\\Semestre 5\\ArchiOWeb\\ProjetFinal\\animals-place-api\\animals-place\\routes\\index.js","statementMap":{"0":{"start":{"line":2,"column":15},"end":{"line":2,"column":31}},"1":{"start":{"line":4,"column":0},"end":{"line":6,"column":3}},"2":{"start":{"line":5,"column":2},"end":{"line":5,"column":32}}},"fnMap":{"0":{"name":"(anonymous_0)","decl":{"start":{"line":4,"column":16},"end":{"line":4,"column":17}},"loc":{"start":{"line":4,"column":42},"end":{"line":6,"column":1}},"line":4}},"branchMap":{},"s":{"0":3,"1":3,"2":0},"f":{"0":0},"b":{},"_coverageSchema":"1a1c01bbd47fc00a2c39e90264f33305004495a9","hash":"bb69ddcbb2f7e0d2bae2a0d5302357a5c86dea32"}
,"C:\\1.HEIG-VD\\Semestre 5\\ArchiOWeb\\ProjetFinal\\animals-place-api\\animals-place\\routes\\localisation.js": {"path":"C:\\1.HEIG-VD\\Semestre 5\\ArchiOWeb\\ProjetFinal\\animals-place-api\\animals-place\\routes\\localisation.js","statementMap":{"0":{"start":{"line":5,"column":15},"end":{"line":5,"column":31}},"1":{"start":{"line":7,"column":0},"end":{"line":35,"column":3}},"2":{"start":{"line":8,"column":2},"end":{"line":34,"column":3}},"3":{"start":{"line":9,"column":19},"end":{"line":9,"column":36}},"4":{"start":{"line":10,"column":26},"end":{"line":10,"column":45}},"5":{"start":{"line":11,"column":25},"end":{"line":11,"column":43}},"6":{"start":{"line":12,"column":4},"end":{"line":12,"column":72}},"7":{"start":{"line":14,"column":4},"end":{"line":14,"column":35}},"8":{"start":{"line":16,"column":15},"end":{"line":16,"column":42}},"9":{"start":{"line":18,"column":4},"end":{"line":21,"column":5}},"10":{"start":{"line":19,"column":6},"end":{"line":19,"column":67}},"11":{"start":{"line":20,"column":6},"end":{"line":20,"column":13}},"12":{"start":{"line":23,"column":4},"end":{"line":23,"column":60}},"13":{"start":{"line":23,"column":23},"end":{"line":23,"column":60}},"14":{"start":{"line":24,"column":4},"end":{"line":24,"column":58}},"15":{"start":{"line":24,"column":22},"end":{"line":24,"column":58}},"16":{"start":{"line":27,"column":24},"end":{"line":27,"column":41}},"17":{"start":{"line":30,"column":4},"end":{"line":30,"column":38}},"18":{"start":{"line":32,"column":4},"end":{"line":32,"column":58}},"19":{"start":{"line":33,"column":4},"end":{"line":33,"column":16}}},"fnMap":{"0":{"name":"(anonymous_0)","decl":{"start":{"line":7,"column":31},"end":{"line":7,"column":32}},"loc":{"start":{"line":7,"column":57},"end":{"line":35,"column":1}},"line":7}},"branchMap":{"0":{"loc":{"start":{"line":18,"column":4},"end":{"line":21,"column":5}},"type":"if","locations":[{"start":{"line":18,"column":4},"end":{"line":21,"column":5}},{"start":{},"end":{}}],"line":18},"1":{"loc":{"start":{"line":23,"column":4},"end":{"line":23,"column":60}},"type":"if","locations":[{"start":{"line":23,"column":4},"end":{"line":23,"column":60}},{"start":{},"end":{}}],"line":23},"2":{"loc":{"start":{"line":24,"column":4},"end":{"line":24,"column":58}},"type":"if","locations":[{"start":{"line":24,"column":4},"end":{"line":24,"column":58}},{"start":{},"end":{}}],"line":24}},"s":{"0":3,"1":3,"2":0,"3":0,"4":0,"5":0,"6":0,"7":0,"8":0,"9":0,"10":0,"11":0,"12":0,"13":0,"14":0,"15":0,"16":0,"17":0,"18":0,"19":0},"f":{"0":0},"b":{"0":[0,0],"1":[0,0],"2":[0,0]},"_coverageSchema":"1a1c01bbd47fc00a2c39e90264f33305004495a9","hash":"5a53c2c8dabac4997bc0e300b9c037d2ae40a2dd"}
,"C:\\1.HEIG-VD\\Semestre 5\\ArchiOWeb\\ProjetFinal\\animals-place-api\\animals-place\\routes\\meetings.js": {"path":"C:\\1.HEIG-VD\\Semestre 5\\ArchiOWeb\\ProjetFinal\\animals-place-api\\animals-place\\routes\\meetings.js","statementMap":{"0":{"start":{"line":10,"column":15},"end":{"line":10,"column":31}},"1":{"start":{"line":12,"column":0},"end":{"line":102,"column":3}},"2":{"start":{"line":13,"column":25},"end":{"line":13,"column":44}},"3":{"start":{"line":14,"column":17},"end":{"line":14,"column":32}},"4":{"start":{"line":15,"column":26},"end":{"line":15,"column":47}},"5":{"start":{"line":17,"column":2},"end":{"line":24,"column":3}},"6":{"start":{"line":22,"column":4},"end":{"line":22,"column":59}},"7":{"start":{"line":23,"column":4},"end":{"line":23,"column":11}},"8":{"start":{"line":26,"column":2},"end":{"line":101,"column":3}},"9":{"start":{"line":27,"column":25},"end":{"line":27,"column":62}},"10":{"start":{"line":28,"column":26},"end":{"line":28,"column":64}},"11":{"start":{"line":30,"column":4},"end":{"line":33,"column":5}},"12":{"start":{"line":31,"column":6},"end":{"line":31,"column":60}},"13":{"start":{"line":32,"column":6},"end":{"line":32,"column":13}},"14":{"start":{"line":35,"column":4},"end":{"line":38,"column":5}},"15":{"start":{"line":36,"column":6},"end":{"line":36,"column":65}},"16":{"start":{"line":37,"column":6},"end":{"line":37,"column":13}},"17":{"start":{"line":41,"column":22},"end":{"line":43,"column":5}},"18":{"start":{"line":42,"column":6},"end":{"line":42,"column":40}},"19":{"start":{"line":45,"column":4},"end":{"line":98,"column":5}},"20":{"start":{"line":48,"column":6},"end":{"line":51,"column":9}},"21":{"start":{"line":53,"column":6},"end":{"line":53,"column":33}},"22":{"start":{"line":57,"column":28},"end":{"line":60,"column":7}},"23":{"start":{"line":59,"column":10},"end":{"line":59,"column":63}},"24":{"start":{"line":62,"column":6},"end":{"line":95,"column":7}},"25":{"start":{"line":64,"column":27},"end":{"line":71,"column":10}},"26":{"start":{"line":72,"column":24},"end":{"line":72,"column":58}},"27":{"start":{"line":73,"column":24},"end":{"line":73,"column":57}},"28":{"start":{"line":75,"column":8},"end":{"line":75,"column":49}},"29":{"start":{"line":76,"column":8},"end":{"line":76,"column":49}},"30":{"start":{"line":78,"column":8},"end":{"line":78,"column":35}},"31":{"start":{"line":79,"column":8},"end":{"line":79,"column":34}},"32":{"start":{"line":81,"column":30},"end":{"line":81,"column":50}},"33":{"start":{"line":84,"column":8},"end":{"line":84,"column":61}},"34":{"start":{"line":85,"column":8},"end":{"line":85,"column":61}},"35":{"start":{"line":86,"column":29},"end":{"line":86,"column":52}},"36":{"start":{"line":87,"column":8},"end":{"line":87,"column":53}},"37":{"start":{"line":89,"column":29},"end":{"line":89,"column":62}},"38":{"start":{"line":90,"column":30},"end":{"line":90,"column":49}},"39":{"start":{"line":92,"column":8},"end":{"line":92,"column":66}},"40":{"start":{"line":93,"column":8},"end":{"line":93,"column":44}},"41":{"start":{"line":94,"column":8},"end":{"line":94,"column":51}},"42":{"start":{"line":97,"column":6},"end":{"line":97,"column":57}},"43":{"start":{"line":100,"column":4},"end":{"line":100,"column":16}},"44":{"start":{"line":105,"column":0},"end":{"line":117,"column":3}},"45":{"start":{"line":106,"column":17},"end":{"line":106,"column":34}},"46":{"start":{"line":108,"column":2},"end":{"line":116,"column":3}},"47":{"start":{"line":109,"column":21},"end":{"line":111,"column":5}},"48":{"start":{"line":113,"column":4},"end":{"line":113,"column":35}},"49":{"start":{"line":115,"column":4},"end":{"line":115,"column":16}},"50":{"start":{"line":121,"column":0},"end":{"line":140,"column":3}},"51":{"start":{"line":122,"column":17},"end":{"line":122,"column":34}},"52":{"start":{"line":124,"column":2},"end":{"line":139,"column":3}},"53":{"start":{"line":125,"column":16},"end":{"line":134,"column":6}},"54":{"start":{"line":135,"column":4},"end":{"line":135,"column":23}},"55":{"start":{"line":136,"column":4},"end":{"line":136,"column":32}},"56":{"start":{"line":138,"column":4},"end":{"line":138,"column":16}},"57":{"start":{"line":143,"column":0},"end":{"line":159,"column":3}},"58":{"start":{"line":144,"column":20},"end":{"line":144,"column":40}},"59":{"start":{"line":146,"column":2},"end":{"line":158,"column":3}},"60":{"start":{"line":147,"column":27},"end":{"line":147,"column":70}},"61":{"start":{"line":149,"column":4},"end":{"line":153,"column":5}},"62":{"start":{"line":150,"column":6},"end":{"line":150,"column":59}},"63":{"start":{"line":152,"column":6},"end":{"line":152,"column":61}},"64":{"start":{"line":154,"column":4},"end":{"line":154,"column":32}},"65":{"start":{"line":157,"column":4},"end":{"line":157,"column":61}}},"fnMap":{"0":{"name":"(anonymous_0)","decl":{"start":{"line":12,"column":45},"end":{"line":12,"column":46}},"loc":{"start":{"line":12,"column":71},"end":{"line":102,"column":1}},"line":12},"1":{"name":"(anonymous_1)","decl":{"start":{"line":41,"column":60},"end":{"line":41,"column":61}},"loc":{"start":{"line":42,"column":6},"end":{"line":42,"column":40}},"line":42},"2":{"name":"(anonymous_2)","decl":{"start":{"line":58,"column":8},"end":{"line":58,"column":9}},"loc":{"start":{"line":59,"column":10},"end":{"line":59,"column":63}},"line":59},"3":{"name":"(anonymous_3)","decl":{"start":{"line":105,"column":52},"end":{"line":105,"column":53}},"loc":{"start":{"line":105,"column":78},"end":{"line":117,"column":1}},"line":105},"4":{"name":"(anonymous_4)","decl":{"start":{"line":121,"column":35},"end":{"line":121,"column":36}},"loc":{"start":{"line":121,"column":61},"end":{"line":140,"column":1}},"line":121},"5":{"name":"(anonymous_5)","decl":{"start":{"line":143,"column":43},"end":{"line":143,"column":44}},"loc":{"start":{"line":143,"column":69},"end":{"line":159,"column":1}},"line":143}},"branchMap":{"0":{"loc":{"start":{"line":17,"column":2},"end":{"line":24,"column":3}},"type":"if","locations":[{"start":{"line":17,"column":2},"end":{"line":24,"column":3}},{"start":{},"end":{}}],"line":17},"1":{"loc":{"start":{"line":18,"column":4},"end":{"line":20,"column":53}},"type":"binary-expr","locations":[{"start":{"line":18,"column":4},"end":{"line":18,"column":52}},{"start":{"line":19,"column":4},"end":{"line":19,"column":44}},{"start":{"line":20,"column":4},"end":{"line":20,"column":53}}],"line":18},"2":{"loc":{"start":{"line":30,"column":4},"end":{"line":33,"column":5}},"type":"if","locations":[{"start":{"line":30,"column":4},"end":{"line":33,"column":5}},{"start":{},"end":{}}],"line":30},"3":{"loc":{"start":{"line":35,"column":4},"end":{"line":38,"column":5}},"type":"if","locations":[{"start":{"line":35,"column":4},"end":{"line":38,"column":5}},{"start":{},"end":{}}],"line":35},"4":{"loc":{"start":{"line":45,"column":4},"end":{"line":98,"column":5}},"type":"if","locations":[{"start":{"line":45,"column":4},"end":{"line":98,"column":5}},{"start":{"line":96,"column":11},"end":{"line":98,"column":5}}],"line":45},"5":{"loc":{"start":{"line":62,"column":6},"end":{"line":95,"column":7}},"type":"if","locations":[{"start":{"line":62,"column":6},"end":{"line":95,"column":7}},{"start":{"line":88,"column":13},"end":{"line":95,"column":7}}],"line":62},"6":{"loc":{"start":{"line":149,"column":4},"end":{"line":153,"column":5}},"type":"if","locations":[{"start":{"line":149,"column":4},"end":{"line":153,"column":5}},{"start":{"line":151,"column":11},"end":{"line":153,"column":5}}],"line":149}},"s":{"0":3,"1":3,"2":1,"3":1,"4":1,"5":1,"6":0,"7":0,"8":1,"9":1,"10":1,"11":1,"12":0,"13":0,"14":1,"15":0,"16":0,"17":1,"18":0,"19":1,"20":1,"21":1,"22":1,"23":0,"24":1,"25":0,"26":0,"27":0,"28":0,"29":0,"30":0,"31":0,"32":0,"33":0,"34":0,"35":0,"36":0,"37":1,"38":1,"39":1,"40":1,"41":1,"42":0,"43":0,"44":3,"45":0,"46":0,"47":0,"48":0,"49":0,"50":3,"51":0,"52":0,"53":0,"54":0,"55":0,"56":0,"57":3,"58":0,"59":0,"60":0,"61":0,"62":0,"63":0,"64":0,"65":0},"f":{"0":1,"1":0,"2":0,"3":0,"4":0,"5":0},"b":{"0":[0,1],"1":[1,1,1],"2":[0,1],"3":[0,1],"4":[1,0],"5":[0,1],"6":[0,0]},"_coverageSchema":"1a1c01bbd47fc00a2c39e90264f33305004495a9","hash":"010a4b8eca6143a03361ed704965c0b6af01ef33"}
,"C:\\1.HEIG-VD\\Semestre 5\\ArchiOWeb\\ProjetFinal\\animals-place-api\\animals-place\\routes\\users.js": {"path":"C:\\1.HEIG-VD\\Semestre 5\\ArchiOWeb\\ProjetFinal\\animals-place-api\\animals-place\\routes\\users.js","statementMap":{"0":{"start":{"line":12,"column":15},"end":{"line":12,"column":31}},"1":{"start":{"line":15,"column":0},"end":{"line":50,"column":2}},"2":{"start":{"line":20,"column":15},"end":{"line":20,"column":44}},"3":{"start":{"line":21,"column":4},"end":{"line":23,"column":5}},"4":{"start":{"line":22,"column":6},"end":{"line":22,"column":15}},"5":{"start":{"line":25,"column":19},"end":{"line":25,"column":51}},"6":{"start":{"line":26,"column":4},"end":{"line":28,"column":5}},"7":{"start":{"line":27,"column":6},"end":{"line":27,"column":19}},"8":{"start":{"line":30,"column":4},"end":{"line":48,"column":5}},"9":{"start":{"line":31,"column":25},"end":{"line":31,"column":52}},"10":{"start":{"line":32,"column":25},"end":{"line":32,"column":57}},"11":{"start":{"line":34,"column":20},"end":{"line":39,"column":15}},"12":{"start":{"line":41,"column":6},"end":{"line":45,"column":9}},"13":{"start":{"line":47,"column":6},"end":{"line":47,"column":16}},"14":{"start":{"line":52,"column":0},"end":{"line":60,"column":3}},"15":{"start":{"line":53,"column":2},"end":{"line":59,"column":3}},"16":{"start":{"line":54,"column":32},"end":{"line":54,"column":49}},"17":{"start":{"line":55,"column":17},"end":{"line":55,"column":57}},"18":{"start":{"line":56,"column":4},"end":{"line":56,"column":19}},"19":{"start":{"line":58,"column":4},"end":{"line":58,"column":14}},"20":{"start":{"line":63,"column":0},"end":{"line":98,"column":3}},"21":{"start":{"line":64,"column":2},"end":{"line":97,"column":3}},"22":{"start":{"line":65,"column":32},"end":{"line":65,"column":49}},"23":{"start":{"line":68,"column":20},"end":{"line":68,"column":69}},"24":{"start":{"line":69,"column":4},"end":{"line":69,"column":42}},"25":{"start":{"line":71,"column":36},"end":{"line":71,"column":45}},"26":{"start":{"line":73,"column":4},"end":{"line":86,"column":6}},"27":{"start":{"line":75,"column":24},"end":{"line":75,"column":38}},"28":{"start":{"line":76,"column":8},"end":{"line":84,"column":10}},"29":{"start":{"line":79,"column":28},"end":{"line":79,"column":56}},"30":{"start":{"line":81,"column":37},"end":{"line":81,"column":73}},"31":{"start":{"line":82,"column":12},"end":{"line":82,"column":62}},"32":{"start":{"line":89,"column":26},"end":{"line":91,"column":6}},"33":{"start":{"line":94,"column":4},"end":{"line":94,"column":28}},"34":{"start":{"line":96,"column":4},"end":{"line":96,"column":14}},"35":{"start":{"line":101,"column":0},"end":{"line":127,"column":3}},"36":{"start":{"line":102,"column":2},"end":{"line":126,"column":3}},"37":{"start":{"line":103,"column":32},"end":{"line":103,"column":49}},"38":{"start":{"line":104,"column":28},"end":{"line":104,"column":45}},"39":{"start":{"line":106,"column":17},"end":{"line":106,"column":53}},"40":{"start":{"line":107,"column":20},"end":{"line":107,"column":60}},"41":{"start":{"line":109,"column":4},"end":{"line":112,"column":5}},"42":{"start":{"line":110,"column":6},"end":{"line":110,"column":58}},"43":{"start":{"line":111,"column":6},"end":{"line":111,"column":13}},"44":{"start":{"line":114,"column":20},"end":{"line":114,"column":44}},"45":{"start":{"line":117,"column":28},"end":{"line":117,"column":67}},"46":{"start":{"line":119,"column":4},"end":{"line":123,"column":5}},"47":{"start":{"line":120,"column":6},"end":{"line":120,"column":21}},"48":{"start":{"line":122,"column":6},"end":{"line":122,"column":53}},"49":{"start":{"line":125,"column":4},"end":{"line":125,"column":14}},"50":{"start":{"line":132,"column":0},"end":{"line":162,"column":3}},"51":{"start":{"line":133,"column":2},"end":{"line":161,"column":3}},"52":{"start":{"line":134,"column":26},"end":{"line":134,"column":43}},"53":{"start":{"line":135,"column":23},"end":{"line":135,"column":25}},"54":{"start":{"line":138,"column":27},"end":{"line":138,"column":71}},"55":{"start":{"line":141,"column":25},"end":{"line":141,"column":70}},"56":{"start":{"line":143,"column":4},"end":{"line":158,"column":5}},"57":{"start":{"line":145,"column":20},"end":{"line":145,"column":57}},"58":{"start":{"line":146,"column":6},"end":{"line":146,"column":25}},"59":{"start":{"line":147,"column":6},"end":{"line":147,"column":18}},"60":{"start":{"line":150,"column":22},"end":{"line":150,"column":40}},"61":{"start":{"line":151,"column":6},"end":{"line":151,"column":40}},"62":{"start":{"line":152,"column":24},"end":{"line":152,"column":44}},"63":{"start":{"line":154,"column":6},"end":{"line":154,"column":38}},"64":{"start":{"line":155,"column":6},"end":{"line":157,"column":9}},"65":{"start":{"line":160,"column":4},"end":{"line":160,"column":14}},"66":{"start":{"line":165,"column":0},"end":{"line":211,"column":2}},"67":{"start":{"line":169,"column":4},"end":{"line":209,"column":5}},"68":{"start":{"line":170,"column":34},"end":{"line":170,"column":51}},"69":{"start":{"line":171,"column":30},"end":{"line":171,"column":47}},"70":{"start":{"line":172,"column":22},"end":{"line":172,"column":30}},"71":{"start":{"line":174,"column":6},"end":{"line":174,"column":39}},"72":{"start":{"line":175,"column":6},"end":{"line":175,"column":35}},"73":{"start":{"line":178,"column":27},"end":{"line":178,"column":63}},"74":{"start":{"line":179,"column":22},"end":{"line":179,"column":62}},"75":{"start":{"line":181,"column":6},"end":{"line":183,"column":7}},"76":{"start":{"line":182,"column":8},"end":{"line":182,"column":67}},"77":{"start":{"line":185,"column":6},"end":{"line":206,"column":7}},"78":{"start":{"line":186,"column":8},"end":{"line":186,"column":45}},"79":{"start":{"line":187,"column":28},"end":{"line":187,"column":53}},"80":{"start":{"line":188,"column":8},"end":{"line":188,"column":49}},"81":{"start":{"line":189,"column":13},"end":{"line":206,"column":7}},"82":{"start":{"line":190,"column":31},"end":{"line":196,"column":9}},"83":{"start":{"line":197,"column":8},"end":{"line":201,"column":11}},"84":{"start":{"line":198,"column":10},"end":{"line":200,"column":11}},"85":{"start":{"line":199,"column":12},"end":{"line":199,"column":51}},"86":{"start":{"line":202,"column":28},"end":{"line":202,"column":53}},"87":{"start":{"line":203,"column":8},"end":{"line":203,"column":49}},"88":{"start":{"line":205,"column":8},"end":{"line":205,"column":62}},"89":{"start":{"line":208,"column":6},"end":{"line":208,"column":18}},"90":{"start":{"line":214,"column":0},"end":{"line":240,"column":3}},"91":{"start":{"line":215,"column":30},"end":{"line":215,"column":47}},"92":{"start":{"line":216,"column":26},"end":{"line":216,"column":43}},"93":{"start":{"line":218,"column":15},"end":{"line":218,"column":55}},"94":{"start":{"line":220,"column":2},"end":{"line":239,"column":3}},"95":{"start":{"line":221,"column":25},"end":{"line":221,"column":61}},"96":{"start":{"line":223,"column":4},"end":{"line":225,"column":5}},"97":{"start":{"line":224,"column":6},"end":{"line":224,"column":65}},"98":{"start":{"line":227,"column":4},"end":{"line":236,"column":5}},"99":{"start":{"line":228,"column":6},"end":{"line":228,"column":53}},"100":{"start":{"line":229,"column":6},"end":{"line":229,"column":63}},"101":{"start":{"line":230,"column":11},"end":{"line":236,"column":5}},"102":{"start":{"line":232,"column":6},"end":{"line":232,"column":53}},"103":{"start":{"line":233,"column":6},"end":{"line":233,"column":63}},"104":{"start":{"line":235,"column":6},"end":{"line":235,"column":60}},"105":{"start":{"line":238,"column":4},"end":{"line":238,"column":68}}},"fnMap":{"0":{"name":"(anonymous_0)","decl":{"start":{"line":19,"column":2},"end":{"line":19,"column":3}},"loc":{"start":{"line":19,"column":34},"end":{"line":49,"column":3}},"line":19},"1":{"name":"(anonymous_1)","decl":{"start":{"line":52,"column":33},"end":{"line":52,"column":34}},"loc":{"start":{"line":52,"column":65},"end":{"line":60,"column":1}},"line":52},"2":{"name":"(anonymous_2)","decl":{"start":{"line":63,"column":42},"end":{"line":63,"column":43}},"loc":{"start":{"line":63,"column":74},"end":{"line":98,"column":1}},"line":63},"3":{"name":"(anonymous_3)","decl":{"start":{"line":74,"column":18},"end":{"line":74,"column":19}},"loc":{"start":{"line":74,"column":36},"end":{"line":85,"column":7}},"line":74},"4":{"name":"(anonymous_4)","decl":{"start":{"line":77,"column":22},"end":{"line":77,"column":23}},"loc":{"start":{"line":77,"column":39},"end":{"line":83,"column":11}},"line":77},"5":{"name":"(anonymous_5)","decl":{"start":{"line":101,"column":37},"end":{"line":101,"column":38}},"loc":{"start":{"line":101,"column":63},"end":{"line":127,"column":1}},"line":101},"6":{"name":"(anonymous_6)","decl":{"start":{"line":132,"column":17},"end":{"line":132,"column":18}},"loc":{"start":{"line":132,"column":43},"end":{"line":162,"column":1}},"line":132},"7":{"name":"(anonymous_7)","decl":{"start":{"line":168,"column":2},"end":{"line":168,"column":3}},"loc":{"start":{"line":168,"column":28},"end":{"line":210,"column":3}},"line":168},"8":{"name":"(anonymous_8)","decl":{"start":{"line":197,"column":37},"end":{"line":197,"column":38}},"loc":{"start":{"line":197,"column":49},"end":{"line":201,"column":9}},"line":197},"9":{"name":"(anonymous_9)","decl":{"start":{"line":214,"column":56},"end":{"line":214,"column":57}},"loc":{"start":{"line":214,"column":76},"end":{"line":240,"column":1}},"line":214}},"branchMap":{"0":{"loc":{"start":{"line":20,"column":15},"end":{"line":20,"column":44}},"type":"binary-expr","locations":[{"start":{"line":20,"column":15},"end":{"line":20,"column":39}},{"start":{"line":20,"column":43},"end":{"line":20,"column":44}}],"line":20},"1":{"loc":{"start":{"line":21,"column":4},"end":{"line":23,"column":5}},"type":"if","locations":[{"start":{"line":21,"column":4},"end":{"line":23,"column":5}},{"start":{},"end":{}}],"line":21},"2":{"loc":{"start":{"line":21,"column":8},"end":{"line":21,"column":31}},"type":"binary-expr","locations":[{"start":{"line":21,"column":8},"end":{"line":21,"column":19}},{"start":{"line":21,"column":23},"end":{"line":21,"column":31}}],"line":21},"3":{"loc":{"start":{"line":26,"column":4},"end":{"line":28,"column":5}},"type":"if","locations":[{"start":{"line":26,"column":4},"end":{"line":28,"column":5}},{"start":{},"end":{}}],"line":26},"4":{"loc":{"start":{"line":26,"column":8},"end":{"line":26,"column":57}},"type":"binary-expr","locations":[{"start":{"line":26,"column":8},"end":{"line":26,"column":23}},{"start":{"line":26,"column":27},"end":{"line":26,"column":39}},{"start":{"line":26,"column":43},"end":{"line":26,"column":57}}],"line":26},"5":{"loc":{"start":{"line":109,"column":4},"end":{"line":112,"column":5}},"type":"if","locations":[{"start":{"line":109,"column":4},"end":{"line":112,"column":5}},{"start":{},"end":{}}],"line":109},"6":{"loc":{"start":{"line":119,"column":4},"end":{"line":123,"column":5}},"type":"if","locations":[{"start":{"line":119,"column":4},"end":{"line":123,"column":5}},{"start":{"line":121,"column":11},"end":{"line":123,"column":5}}],"line":119},"7":{"loc":{"start":{"line":119,"column":8},"end":{"line":119,"column":34}},"type":"binary-expr","locations":[{"start":{"line":119,"column":8},"end":{"line":119,"column":15}},{"start":{"line":119,"column":19},"end":{"line":119,"column":34}}],"line":119},"8":{"loc":{"start":{"line":143,"column":4},"end":{"line":158,"column":5}},"type":"if","locations":[{"start":{"line":143,"column":4},"end":{"line":158,"column":5}},{"start":{"line":148,"column":11},"end":{"line":158,"column":5}}],"line":143},"9":{"loc":{"start":{"line":181,"column":6},"end":{"line":183,"column":7}},"type":"if","locations":[{"start":{"line":181,"column":6},"end":{"line":183,"column":7}},{"start":{},"end":{}}],"line":181},"10":{"loc":{"start":{"line":185,"column":6},"end":{"line":206,"column":7}},"type":"if","locations":[{"start":{"line":185,"column":6},"end":{"line":206,"column":7}},{"start":{"line":189,"column":13},"end":{"line":206,"column":7}}],"line":185},"11":{"loc":{"start":{"line":189,"column":13},"end":{"line":206,"column":7}},"type":"if","locations":[{"start":{"line":189,"column":13},"end":{"line":206,"column":7}},{"start":{"line":204,"column":13},"end":{"line":206,"column":7}}],"line":189},"12":{"loc":{"start":{"line":198,"column":10},"end":{"line":200,"column":11}},"type":"if","locations":[{"start":{"line":198,"column":10},"end":{"line":200,"column":11}},{"start":{},"end":{}}],"line":198},"13":{"loc":{"start":{"line":223,"column":4},"end":{"line":225,"column":5}},"type":"if","locations":[{"start":{"line":223,"column":4},"end":{"line":225,"column":5}},{"start":{},"end":{}}],"line":223},"14":{"loc":{"start":{"line":227,"column":4},"end":{"line":236,"column":5}},"type":"if","locations":[{"start":{"line":227,"column":4},"end":{"line":236,"column":5}},{"start":{"line":230,"column":11},"end":{"line":236,"column":5}}],"line":227},"15":{"loc":{"start":{"line":230,"column":11},"end":{"line":236,"column":5}},"type":"if","locations":[{"start":{"line":230,"column":11},"end":{"line":236,"column":5}},{"start":{"line":234,"column":11},"end":{"line":236,"column":5}}],"line":230}},"s":{"0":3,"1":3,"2":0,"3":0,"4":0,"5":0,"6":0,"7":0,"8":0,"9":0,"10":0,"11":0,"12":0,"13":0,"14":3,"15":0,"16":0,"17":0,"18":0,"19":0,"20":3,"21":0,"22":0,"23":0,"24":0,"25":0,"26":0,"27":0,"28":0,"29":0,"30":0,"31":0,"32":0,"33":0,"34":0,"35":3,"36":0,"37":0,"38":0,"39":0,"40":0,"41":0,"42":0,"43":0,"44":0,"45":0,"46":0,"47":0,"48":0,"49":0,"50":3,"51":1,"52":1,"53":1,"54":1,"55":1,"56":1,"57":0,"58":0,"59":0,"60":1,"61":1,"62":1,"63":1,"64":1,"65":0,"66":3,"67":0,"68":0,"69":0,"70":0,"71":0,"72":0,"73":0,"74":0,"75":0,"76":0,"77":0,"78":0,"79":0,"80":0,"81":0,"82":0,"83":0,"84":0,"85":0,"86":0,"87":0,"88":0,"89":0,"90":3,"91":0,"92":0,"93":0,"94":0,"95":0,"96":0,"97":0,"98":0,"99":0,"100":0,"101":0,"102":0,"103":0,"104":0,"105":0},"f":{"0":0,"1":0,"2":0,"3":0,"4":0,"5":0,"6":1,"7":0,"8":0,"9":0},"b":{"0":[0,0],"1":[0,0],"2":[0,0],"3":[0,0],"4":[0,0,0],"5":[0,0],"6":[0,0],"7":[0,0],"8":[0,1],"9":[0,0],"10":[0,0],"11":[0,0],"12":[0,0],"13":[0,0],"14":[0,0],"15":[0,0]},"_coverageSchema":"1a1c01bbd47fc00a2c39e90264f33305004495a9","hash":"4bec72aa7446b0a4a38032114f233b54c88c78b0"}
,"C:\\1.HEIG-VD\\Semestre 5\\ArchiOWeb\\ProjetFinal\\animals-place-api\\animals-place\\spec\\utils.js": {"path":"C:\\1.HEIG-VD\\Semestre 5\\ArchiOWeb\\ProjetFinal\\animals-place-api\\animals-place\\spec\\utils.js","statementMap":{"0":{"start":{"line":7,"column":16},"end":{"line":7,"column":35}},"1":{"start":{"line":9,"column":31},"end":{"line":11,"column":1}},"2":{"start":{"line":10,"column":2},"end":{"line":10,"column":62}},"3":{"start":{"line":15,"column":14},"end":{"line":15,"column":66}},"4":{"start":{"line":16,"column":17},"end":{"line":16,"column":55}},"5":{"start":{"line":17,"column":2},"end":{"line":17,"column":36}}},"fnMap":{"0":{"name":"(anonymous_0)","decl":{"start":{"line":9,"column":31},"end":{"line":9,"column":32}},"loc":{"start":{"line":9,"column":49},"end":{"line":11,"column":1}},"line":9},"1":{"name":"generateValidJwt","decl":{"start":{"line":13,"column":16},"end":{"line":13,"column":32}},"loc":{"start":{"line":13,"column":39},"end":{"line":18,"column":1}},"line":13}},"branchMap":{},"s":{"0":3,"1":3,"2":8,"3":7,"4":7,"5":7},"f":{"0":8,"1":7},"b":{},"_coverageSchema":"1a1c01bbd47fc00a2c39e90264f33305004495a9","hash":"459d00dcb1fcc395305541493b9b1bb60a671455"}
}
