{"C:\\1.HEIG-VD\\Semestre 5\\ArchiOWeb\\ProjetFinal\\animals-place-api\\animals-place\\app.js": {"path":"C:\\1.HEIG-VD\\Semestre 5\\ArchiOWeb\\ProjetFinal\\animals-place-api\\animals-place\\app.js","statementMap":{"0":{"start":{"line":16,"column":0},"end":{"line":16,"column":37}},"1":{"start":{"line":18,"column":12},"end":{"line":18,"column":21}},"2":{"start":{"line":22,"column":0},"end":{"line":22,"column":23}},"3":{"start":{"line":23,"column":0},"end":{"line":23,"column":24}},"4":{"start":{"line":24,"column":0},"end":{"line":24,"column":49}},"5":{"start":{"line":26,"column":0},"end":{"line":26,"column":26}},"6":{"start":{"line":27,"column":0},"end":{"line":27,"column":31}},"7":{"start":{"line":28,"column":0},"end":{"line":28,"column":35}},"8":{"start":{"line":29,"column":0},"end":{"line":29,"column":29}},"9":{"start":{"line":30,"column":0},"end":{"line":30,"column":37}},"10":{"start":{"line":31,"column":0},"end":{"line":31,"column":45}},"11":{"start":{"line":34,"column":0},"end":{"line":36,"column":3}},"12":{"start":{"line":35,"column":2},"end":{"line":35,"column":25}},"13":{"start":{"line":39,"column":0},"end":{"line":49,"column":3}},"14":{"start":{"line":40,"column":2},"end":{"line":40,"column":20}},"15":{"start":{"line":43,"column":2},"end":{"line":43,"column":35}},"16":{"start":{"line":44,"column":2},"end":{"line":44,"column":69}},"17":{"start":{"line":47,"column":2},"end":{"line":47,"column":32}},"18":{"start":{"line":48,"column":2},"end":{"line":48,"column":24}}},"fnMap":{"0":{"name":"(anonymous_0)","decl":{"start":{"line":34,"column":8},"end":{"line":34,"column":9}},"loc":{"start":{"line":34,"column":34},"end":{"line":36,"column":1}},"line":34},"1":{"name":"(anonymous_1)","decl":{"start":{"line":39,"column":8},"end":{"line":39,"column":9}},"loc":{"start":{"line":39,"column":39},"end":{"line":49,"column":1}},"line":39}},"branchMap":{"0":{"loc":{"start":{"line":44,"column":21},"end":{"line":44,"column":68}},"type":"cond-expr","locations":[{"start":{"line":44,"column":60},"end":{"line":44,"column":63}},{"start":{"line":44,"column":66},"end":{"line":44,"column":68}}],"line":44},"1":{"loc":{"start":{"line":47,"column":13},"end":{"line":47,"column":30}},"type":"binary-expr","locations":[{"start":{"line":47,"column":13},"end":{"line":47,"column":23}},{"start":{"line":47,"column":27},"end":{"line":47,"column":30}}],"line":47}},"s":{"0":2,"1":2,"2":2,"3":2,"4":2,"5":2,"6":2,"7":2,"8":2,"9":2,"10":2,"11":2,"12":0,"13":2,"14":0,"15":0,"16":0,"17":0,"18":0},"f":{"0":0,"1":0},"b":{"0":[0,0],"1":[0,0]},"_coverageSchema":"1a1c01bbd47fc00a2c39e90264f33305004495a9","hash":"54bc4b715f93f521cddec7e226c1d9b7bb37053a"}
,"C:\\1.HEIG-VD\\Semestre 5\\ArchiOWeb\\ProjetFinal\\animals-place-api\\animals-place\\config.js": {"path":"C:\\1.HEIG-VD\\Semestre 5\\ArchiOWeb\\ProjetFinal\\animals-place-api\\animals-place\\config.js","statementMap":{"0":{"start":{"line":2,"column":0},"end":{"line":2,"column":16}},"1":{"start":{"line":5,"column":2},"end":{"line":5,"column":73}},"2":{"start":{"line":6,"column":20},"end":{"line":6,"column":46}},"3":{"start":{"line":7,"column":25},"end":{"line":7,"column":61}}},"fnMap":{},"branchMap":{"0":{"loc":{"start":{"line":5,"column":2},"end":{"line":5,"column":73}},"type":"binary-expr","locations":[{"start":{"line":5,"column":2},"end":{"line":5,"column":26}},{"start":{"line":5,"column":30},"end":{"line":5,"column":73}}],"line":5},"1":{"loc":{"start":{"line":6,"column":20},"end":{"line":6,"column":46}},"type":"binary-expr","locations":[{"start":{"line":6,"column":20},"end":{"line":6,"column":36}},{"start":{"line":6,"column":40},"end":{"line":6,"column":46}}],"line":6},"2":{"loc":{"start":{"line":7,"column":25},"end":{"line":7,"column":61}},"type":"binary-expr","locations":[{"start":{"line":7,"column":25},"end":{"line":7,"column":47}},{"start":{"line":7,"column":51},"end":{"line":7,"column":61}}],"line":7}},"s":{"0":2,"1":2,"2":2,"3":2},"f":{},"b":{"0":[2,0],"1":[2,2],"2":[2,2]},"_coverageSchema":"1a1c01bbd47fc00a2c39e90264f33305004495a9","hash":"388f9d3baff630ed5788b63745b4545b389f9036"}
,"C:\\1.HEIG-VD\\Semestre 5\\ArchiOWeb\\ProjetFinal\\animals-place-api\\animals-place\\utils.js": {"path":"C:\\1.HEIG-VD\\Semestre 5\\ArchiOWeb\\ProjetFinal\\animals-place-api\\animals-place\\utils.js","statementMap":{"0":{"start":{"line":4,"column":2},"end":{"line":11,"column":3}},"1":{"start":{"line":5,"column":4},"end":{"line":5,"column":29}},"2":{"start":{"line":6,"column":4},"end":{"line":10,"column":5}},"3":{"start":{"line":7,"column":6},"end":{"line":9,"column":7}},"4":{"start":{"line":8,"column":8},"end":{"line":8,"column":65}},"5":{"start":{"line":12,"column":2},"end":{"line":12,"column":9}}},"fnMap":{"0":{"name":"idValidation","decl":{"start":{"line":3,"column":16},"end":{"line":3,"column":28}},"loc":{"start":{"line":3,"column":45},"end":{"line":13,"column":1}},"line":3}},"branchMap":{"0":{"loc":{"start":{"line":6,"column":4},"end":{"line":10,"column":5}},"type":"if","locations":[{"start":{"line":6,"column":4},"end":{"line":10,"column":5}},{"start":{},"end":{}}],"line":6},"1":{"loc":{"start":{"line":7,"column":6},"end":{"line":9,"column":7}},"type":"if","locations":[{"start":{"line":7,"column":6},"end":{"line":9,"column":7}},{"start":{},"end":{}}],"line":7}},"s":{"0":0,"1":0,"2":0,"3":0,"4":0,"5":0},"f":{"0":0},"b":{"0":[0,0],"1":[0,0]},"_coverageSchema":"1a1c01bbd47fc00a2c39e90264f33305004495a9","hash":"507cfdd26f2cdfe708de7ded91b811b03811a8ab"}
,"C:\\1.HEIG-VD\\Semestre 5\\ArchiOWeb\\ProjetFinal\\animals-place-api\\animals-place\\ws.js": {"path":"C:\\1.HEIG-VD\\Semestre 5\\ArchiOWeb\\ProjetFinal\\animals-place-api\\animals-place\\ws.js","statementMap":{"0":{"start":{"line":4,"column":14},"end":{"line":4,"column":53}},"1":{"start":{"line":6,"column":16},"end":{"line":6,"column":18}},"2":{"start":{"line":7,"column":21},"end":{"line":7,"column":22}},"3":{"start":{"line":10,"column":2},"end":{"line":10,"column":37}},"4":{"start":{"line":11,"column":14},"end":{"line":13,"column":4}},"5":{"start":{"line":16,"column":2},"end":{"line":49,"column":5}},"6":{"start":{"line":17,"column":4},"end":{"line":17,"column":44}},"7":{"start":{"line":18,"column":4},"end":{"line":18,"column":50}},"8":{"start":{"line":21,"column":4},"end":{"line":21,"column":21}},"9":{"start":{"line":24,"column":4},"end":{"line":40,"column":7}},"10":{"start":{"line":27,"column":6},"end":{"line":32,"column":7}},"11":{"start":{"line":28,"column":8},"end":{"line":28,"column":44}},"12":{"start":{"line":31,"column":8},"end":{"line":31,"column":66}},"13":{"start":{"line":35,"column":6},"end":{"line":35,"column":43}},"14":{"start":{"line":36,"column":6},"end":{"line":36,"column":56}},"15":{"start":{"line":38,"column":6},"end":{"line":38,"column":23}},"16":{"start":{"line":39,"column":6},"end":{"line":39,"column":59}},"17":{"start":{"line":43,"column":4},"end":{"line":48,"column":7}},"18":{"start":{"line":44,"column":6},"end":{"line":44,"column":45}},"19":{"start":{"line":45,"column":6},"end":{"line":45,"column":45}},"20":{"start":{"line":46,"column":6},"end":{"line":46,"column":23}},"21":{"start":{"line":47,"column":6},"end":{"line":47,"column":59}},"22":{"start":{"line":53,"column":2},"end":{"line":55,"column":4}},"23":{"start":{"line":57,"column":2},"end":{"line":57,"column":58}},"24":{"start":{"line":57,"column":25},"end":{"line":57,"column":56}},"25":{"start":{"line":58,"column":2},"end":{"line":58,"column":53}},"26":{"start":{"line":59,"column":2},"end":{"line":59,"column":51}},"27":{"start":{"line":63,"column":2},"end":{"line":63,"column":77}},"28":{"start":{"line":65,"column":2},"end":{"line":71,"column":3}},"29":{"start":{"line":66,"column":4},"end":{"line":70,"column":5}},"30":{"start":{"line":67,"column":6},"end":{"line":67,"column":43}},"31":{"start":{"line":69,"column":6},"end":{"line":69,"column":53}},"32":{"start":{"line":73,"column":2},"end":{"line":73,"column":53}},"33":{"start":{"line":77,"column":2},"end":{"line":77,"column":66}}},"fnMap":{"0":{"name":"createWebSocketServer","decl":{"start":{"line":9,"column":16},"end":{"line":9,"column":37}},"loc":{"start":{"line":9,"column":50},"end":{"line":50,"column":1}},"line":9},"1":{"name":"(anonymous_1)","decl":{"start":{"line":16,"column":23},"end":{"line":16,"column":24}},"loc":{"start":{"line":16,"column":37},"end":{"line":49,"column":3}},"line":16},"2":{"name":"(anonymous_2)","decl":{"start":{"line":24,"column":21},"end":{"line":24,"column":22}},"loc":{"start":{"line":24,"column":34},"end":{"line":40,"column":5}},"line":24},"3":{"name":"(anonymous_3)","decl":{"start":{"line":43,"column":19},"end":{"line":43,"column":20}},"loc":{"start":{"line":43,"column":25},"end":{"line":48,"column":5}},"line":43},"4":{"name":"broadcastMessage","decl":{"start":{"line":52,"column":16},"end":{"line":52,"column":32}},"loc":{"start":{"line":52,"column":42},"end":{"line":60,"column":1}},"line":52},"5":{"name":"(anonymous_5)","decl":{"start":{"line":57,"column":18},"end":{"line":57,"column":19}},"loc":{"start":{"line":57,"column":25},"end":{"line":57,"column":56}},"line":57},"6":{"name":"sendMessageToConnectedClient","decl":{"start":{"line":62,"column":16},"end":{"line":62,"column":44}},"loc":{"start":{"line":62,"column":62},"end":{"line":74,"column":1}},"line":62},"7":{"name":"onMessageReceived","decl":{"start":{"line":76,"column":9},"end":{"line":76,"column":26}},"loc":{"start":{"line":76,"column":40},"end":{"line":79,"column":1}},"line":76}},"branchMap":{"0":{"loc":{"start":{"line":65,"column":2},"end":{"line":71,"column":3}},"type":"if","locations":[{"start":{"line":65,"column":2},"end":{"line":71,"column":3}},{"start":{},"end":{}}],"line":65}},"s":{"0":2,"1":2,"2":2,"3":0,"4":0,"5":0,"6":0,"7":0,"8":0,"9":0,"10":0,"11":0,"12":0,"13":0,"14":0,"15":0,"16":0,"17":0,"18":0,"19":0,"20":0,"21":0,"22":3,"23":3,"24":0,"25":3,"26":3,"27":0,"28":0,"29":0,"30":0,"31":0,"32":0,"33":0},"f":{"0":0,"1":0,"2":0,"3":0,"4":3,"5":0,"6":0,"7":0},"b":{"0":[0,0]},"_coverageSchema":"1a1c01bbd47fc00a2c39e90264f33305004495a9","hash":"0de7492c1174e2f30b52b4457d5be5999ac921df"}
,"C:\\1.HEIG-VD\\Semestre 5\\ArchiOWeb\\ProjetFinal\\animals-place-api\\animals-place\\models\\animal.js": {"path":"C:\\1.HEIG-VD\\Semestre 5\\ArchiOWeb\\ProjetFinal\\animals-place-api\\animals-place\\models\\animal.js","statementMap":{"0":{"start":{"line":2,"column":15},"end":{"line":2,"column":30}},"1":{"start":{"line":4,"column":21},"end":{"line":69,"column":2}}},"fnMap":{},"branchMap":{},"s":{"0":2,"1":2},"f":{},"b":{},"_coverageSchema":"1a1c01bbd47fc00a2c39e90264f33305004495a9","hash":"c27ea90183ca6990d932afc6d0fd746b90820275"}
,"C:\\1.HEIG-VD\\Semestre 5\\ArchiOWeb\\ProjetFinal\\animals-place-api\\animals-place\\models\\meeting.js": {"path":"C:\\1.HEIG-VD\\Semestre 5\\ArchiOWeb\\ProjetFinal\\animals-place-api\\animals-place\\models\\meeting.js","statementMap":{"0":{"start":{"line":2,"column":15},"end":{"line":2,"column":30}},"1":{"start":{"line":4,"column":22},"end":{"line":31,"column":2}}},"fnMap":{},"branchMap":{},"s":{"0":2,"1":2},"f":{},"b":{},"_coverageSchema":"1a1c01bbd47fc00a2c39e90264f33305004495a9","hash":"fc8c577485349d051c714c5d9188f1f24c9069e9"}
,"C:\\1.HEIG-VD\\Semestre 5\\ArchiOWeb\\ProjetFinal\\animals-place-api\\animals-place\\models\\user.js": {"path":"C:\\1.HEIG-VD\\Semestre 5\\ArchiOWeb\\ProjetFinal\\animals-place-api\\animals-place\\models\\user.js","statementMap":{"0":{"start":{"line":2,"column":15},"end":{"line":2,"column":30}},"1":{"start":{"line":4,"column":19},"end":{"line":47,"column":2}},"2":{"start":{"line":49,"column":0},"end":{"line":51,"column":3}},"3":{"start":{"line":54,"column":2},"end":{"line":54,"column":23}},"4":{"start":{"line":55,"column":2},"end":{"line":55,"column":14}}},"fnMap":{"0":{"name":"transformJsonUser","decl":{"start":{"line":53,"column":9},"end":{"line":53,"column":26}},"loc":{"start":{"line":53,"column":47},"end":{"line":56,"column":1}},"line":53}},"branchMap":{},"s":{"0":2,"1":2,"2":2,"3":5,"4":5},"f":{"0":5},"b":{},"_coverageSchema":"1a1c01bbd47fc00a2c39e90264f33305004495a9","hash":"d71aa51e71f9b60e92e5e6d24325c749a3154bf6"}
,"C:\\1.HEIG-VD\\Semestre 5\\ArchiOWeb\\ProjetFinal\\animals-place-api\\animals-place\\routes\\animals.js": {"path":"C:\\1.HEIG-VD\\Semestre 5\\ArchiOWeb\\ProjetFinal\\animals-place-api\\animals-place\\routes\\animals.js","statementMap":{"0":{"start":{"line":7,"column":15},"end":{"line":7,"column":31}},"1":{"start":{"line":9,"column":0},"end":{"line":35,"column":3}},"2":{"start":{"line":10,"column":2},"end":{"line":34,"column":3}},"3":{"start":{"line":11,"column":27},"end":{"line":11,"column":44}},"4":{"start":{"line":12,"column":4},"end":{"line":12,"column":32}},"5":{"start":{"line":13,"column":21},"end":{"line":13,"column":27}},"6":{"start":{"line":15,"column":4},"end":{"line":17,"column":5}},"7":{"start":{"line":16,"column":6},"end":{"line":16,"column":64}},"8":{"start":{"line":20,"column":19},"end":{"line":20,"column":36}},"9":{"start":{"line":23,"column":20},"end":{"line":29,"column":13}},"10":{"start":{"line":31,"column":4},"end":{"line":31,"column":22}},"11":{"start":{"line":33,"column":4},"end":{"line":33,"column":14}},"12":{"start":{"line":37,"column":0},"end":{"line":52,"column":3}},"13":{"start":{"line":38,"column":2},"end":{"line":51,"column":3}},"14":{"start":{"line":40,"column":19},"end":{"line":40,"column":36}},"15":{"start":{"line":43,"column":20},"end":{"line":46,"column":13}},"16":{"start":{"line":48,"column":4},"end":{"line":48,"column":22}},"17":{"start":{"line":50,"column":4},"end":{"line":50,"column":14}},"18":{"start":{"line":54,"column":0},"end":{"line":78,"column":3}},"19":{"start":{"line":55,"column":2},"end":{"line":77,"column":3}},"20":{"start":{"line":57,"column":19},"end":{"line":57,"column":36}},"21":{"start":{"line":60,"column":18},"end":{"line":72,"column":6}},"22":{"start":{"line":74,"column":4},"end":{"line":74,"column":20}},"23":{"start":{"line":76,"column":4},"end":{"line":76,"column":14}},"24":{"start":{"line":80,"column":0},"end":{"line":110,"column":3}},"25":{"start":{"line":81,"column":2},"end":{"line":109,"column":3}},"26":{"start":{"line":83,"column":17},"end":{"line":83,"column":55}},"27":{"start":{"line":84,"column":24},"end":{"line":84,"column":44}},"28":{"start":{"line":86,"column":4},"end":{"line":91,"column":5}},"29":{"start":{"line":88,"column":20},"end":{"line":88,"column":59}},"30":{"start":{"line":89,"column":6},"end":{"line":89,"column":25}},"31":{"start":{"line":90,"column":6},"end":{"line":90,"column":18}},"32":{"start":{"line":94,"column":22},"end":{"line":94,"column":42}},"33":{"start":{"line":95,"column":4},"end":{"line":95,"column":31}},"34":{"start":{"line":96,"column":24},"end":{"line":96,"column":46}},"35":{"start":{"line":99,"column":4},"end":{"line":99,"column":39}},"36":{"start":{"line":100,"column":4},"end":{"line":100,"column":22}},"37":{"start":{"line":102,"column":4},"end":{"line":102,"column":38}},"38":{"start":{"line":103,"column":4},"end":{"line":106,"column":7}},"39":{"start":{"line":108,"column":4},"end":{"line":108,"column":14}},"40":{"start":{"line":112,"column":0},"end":{"line":146,"column":3}},"41":{"start":{"line":113,"column":2},"end":{"line":145,"column":3}},"42":{"start":{"line":115,"column":19},"end":{"line":115,"column":61}},"43":{"start":{"line":117,"column":4},"end":{"line":122,"column":5}},"44":{"start":{"line":119,"column":20},"end":{"line":119,"column":54}},"45":{"start":{"line":120,"column":6},"end":{"line":120,"column":25}},"46":{"start":{"line":121,"column":6},"end":{"line":121,"column":18}},"47":{"start":{"line":125,"column":4},"end":{"line":132,"column":5}},"48":{"start":{"line":127,"column":20},"end":{"line":129,"column":7}},"49":{"start":{"line":130,"column":6},"end":{"line":130,"column":25}},"50":{"start":{"line":131,"column":6},"end":{"line":131,"column":18}},"51":{"start":{"line":135,"column":4},"end":{"line":135,"column":26}},"52":{"start":{"line":138,"column":17},"end":{"line":138,"column":55}},"53":{"start":{"line":139,"column":4},"end":{"line":139,"column":34}},"54":{"start":{"line":140,"column":4},"end":{"line":140,"column":22}},"55":{"start":{"line":142,"column":4},"end":{"line":142,"column":27}},"56":{"start":{"line":144,"column":4},"end":{"line":144,"column":14}},"57":{"start":{"line":148,"column":0},"end":{"line":198,"column":3}},"58":{"start":{"line":149,"column":2},"end":{"line":197,"column":3}},"59":{"start":{"line":150,"column":21},"end":{"line":150,"column":40}},"60":{"start":{"line":151,"column":20},"end":{"line":151,"column":28}},"61":{"start":{"line":153,"column":19},"end":{"line":153,"column":50}},"62":{"start":{"line":155,"column":4},"end":{"line":158,"column":5}},"63":{"start":{"line":156,"column":6},"end":{"line":156,"column":61}},"64":{"start":{"line":157,"column":6},"end":{"line":157,"column":13}},"65":{"start":{"line":160,"column":4},"end":{"line":165,"column":5}},"66":{"start":{"line":161,"column":6},"end":{"line":163,"column":9}},"67":{"start":{"line":164,"column":6},"end":{"line":164,"column":13}},"68":{"start":{"line":168,"column":25},"end":{"line":173,"column":5}},"69":{"start":{"line":175,"column":30},"end":{"line":177,"column":5}},"70":{"start":{"line":176,"column":15},"end":{"line":176,"column":33}},"71":{"start":{"line":179,"column":4},"end":{"line":186,"column":5}},"72":{"start":{"line":180,"column":6},"end":{"line":184,"column":9}},"73":{"start":{"line":185,"column":6},"end":{"line":185,"column":13}},"74":{"start":{"line":188,"column":4},"end":{"line":188,"column":40}},"75":{"start":{"line":190,"column":4},"end":{"line":190,"column":34}},"76":{"start":{"line":191,"column":26},"end":{"line":191,"column":45}},"77":{"start":{"line":193,"column":4},"end":{"line":193,"column":48}},"78":{"start":{"line":194,"column":4},"end":{"line":194,"column":40}},"79":{"start":{"line":196,"column":4},"end":{"line":196,"column":16}},"80":{"start":{"line":201,"column":0},"end":{"line":235,"column":3}},"81":{"start":{"line":202,"column":2},"end":{"line":234,"column":3}},"82":{"start":{"line":203,"column":27},"end":{"line":203,"column":47}},"83":{"start":{"line":204,"column":21},"end":{"line":204,"column":40}},"84":{"start":{"line":205,"column":19},"end":{"line":205,"column":50}},"85":{"start":{"line":207,"column":4},"end":{"line":210,"column":5}},"86":{"start":{"line":208,"column":6},"end":{"line":208,"column":61}},"87":{"start":{"line":209,"column":6},"end":{"line":209,"column":13}},"88":{"start":{"line":212,"column":4},"end":{"line":217,"column":5}},"89":{"start":{"line":213,"column":6},"end":{"line":215,"column":9}},"90":{"start":{"line":216,"column":6},"end":{"line":216,"column":13}},"91":{"start":{"line":219,"column":4},"end":{"line":229,"column":5}},"92":{"start":{"line":221,"column":31},"end":{"line":223,"column":26}},"93":{"start":{"line":225,"column":6},"end":{"line":227,"column":9}},"94":{"start":{"line":226,"column":8},"end":{"line":226,"column":44}},"95":{"start":{"line":228,"column":6},"end":{"line":228,"column":26}},"96":{"start":{"line":231,"column":4},"end":{"line":231,"column":69}},"97":{"start":{"line":233,"column":4},"end":{"line":233,"column":16}},"98":{"start":{"line":238,"column":0},"end":{"line":280,"column":3}},"99":{"start":{"line":239,"column":2},"end":{"line":279,"column":3}},"100":{"start":{"line":240,"column":30},"end":{"line":240,"column":50}},"101":{"start":{"line":241,"column":21},"end":{"line":241,"column":40}},"102":{"start":{"line":242,"column":19},"end":{"line":242,"column":50}},"103":{"start":{"line":243,"column":24},"end":{"line":243,"column":42}},"104":{"start":{"line":245,"column":4},"end":{"line":248,"column":5}},"105":{"start":{"line":246,"column":6},"end":{"line":246,"column":61}},"106":{"start":{"line":247,"column":6},"end":{"line":247,"column":13}},"107":{"start":{"line":250,"column":4},"end":{"line":255,"column":5}},"108":{"start":{"line":251,"column":6},"end":{"line":253,"column":9}},"109":{"start":{"line":254,"column":6},"end":{"line":254,"column":13}},"110":{"start":{"line":257,"column":4},"end":{"line":274,"column":5}},"111":{"start":{"line":259,"column":29},"end":{"line":259,"column":75}},"112":{"start":{"line":260,"column":6},"end":{"line":260,"column":31}},"113":{"start":{"line":261,"column":6},"end":{"line":266,"column":7}},"114":{"start":{"line":262,"column":8},"end":{"line":264,"column":11}},"115":{"start":{"line":265,"column":8},"end":{"line":265,"column":15}},"116":{"start":{"line":269,"column":6},"end":{"line":271,"column":8}},"117":{"start":{"line":270,"column":17},"end":{"line":270,"column":42}},"118":{"start":{"line":273,"column":6},"end":{"line":273,"column":26}},"119":{"start":{"line":276,"column":4},"end":{"line":276,"column":69}},"120":{"start":{"line":278,"column":4},"end":{"line":278,"column":16}}},"fnMap":{"0":{"name":"(anonymous_0)","decl":{"start":{"line":9,"column":30},"end":{"line":9,"column":31}},"loc":{"start":{"line":9,"column":62},"end":{"line":35,"column":1}},"line":9},"1":{"name":"(anonymous_1)","decl":{"start":{"line":37,"column":39},"end":{"line":37,"column":40}},"loc":{"start":{"line":37,"column":71},"end":{"line":52,"column":1}},"line":37},"2":{"name":"(anonymous_2)","decl":{"start":{"line":54,"column":35},"end":{"line":54,"column":36}},"loc":{"start":{"line":54,"column":67},"end":{"line":78,"column":1}},"line":54},"3":{"name":"(anonymous_3)","decl":{"start":{"line":80,"column":31},"end":{"line":80,"column":32}},"loc":{"start":{"line":80,"column":57},"end":{"line":110,"column":1}},"line":80},"4":{"name":"(anonymous_4)","decl":{"start":{"line":112,"column":42},"end":{"line":112,"column":43}},"loc":{"start":{"line":112,"column":68},"end":{"line":146,"column":1}},"line":112},"5":{"name":"(anonymous_5)","decl":{"start":{"line":148,"column":40},"end":{"line":148,"column":41}},"loc":{"start":{"line":148,"column":66},"end":{"line":198,"column":1}},"line":148},"6":{"name":"(anonymous_6)","decl":{"start":{"line":176,"column":6},"end":{"line":176,"column":7}},"loc":{"start":{"line":176,"column":15},"end":{"line":176,"column":33}},"line":176},"7":{"name":"(anonymous_7)","decl":{"start":{"line":201,"column":47},"end":{"line":201,"column":48}},"loc":{"start":{"line":201,"column":73},"end":{"line":235,"column":1}},"line":201},"8":{"name":"(anonymous_8)","decl":{"start":{"line":225,"column":31},"end":{"line":225,"column":32}},"loc":{"start":{"line":225,"column":47},"end":{"line":227,"column":7}},"line":225},"9":{"name":"(anonymous_9)","decl":{"start":{"line":238,"column":50},"end":{"line":238,"column":51}},"loc":{"start":{"line":238,"column":76},"end":{"line":280,"column":1}},"line":238},"10":{"name":"(anonymous_10)","decl":{"start":{"line":270,"column":8},"end":{"line":270,"column":9}},"loc":{"start":{"line":270,"column":17},"end":{"line":270,"column":42}},"line":270}},"branchMap":{"0":{"loc":{"start":{"line":15,"column":4},"end":{"line":17,"column":5}},"type":"if","locations":[{"start":{"line":15,"column":4},"end":{"line":17,"column":5}},{"start":{},"end":{}}],"line":15},"1":{"loc":{"start":{"line":86,"column":4},"end":{"line":91,"column":5}},"type":"if","locations":[{"start":{"line":86,"column":4},"end":{"line":91,"column":5}},{"start":{},"end":{}}],"line":86},"2":{"loc":{"start":{"line":117,"column":4},"end":{"line":122,"column":5}},"type":"if","locations":[{"start":{"line":117,"column":4},"end":{"line":122,"column":5}},{"start":{},"end":{}}],"line":117},"3":{"loc":{"start":{"line":125,"column":4},"end":{"line":132,"column":5}},"type":"if","locations":[{"start":{"line":125,"column":4},"end":{"line":132,"column":5}},{"start":{},"end":{}}],"line":125},"4":{"loc":{"start":{"line":155,"column":4},"end":{"line":158,"column":5}},"type":"if","locations":[{"start":{"line":155,"column":4},"end":{"line":158,"column":5}},{"start":{},"end":{}}],"line":155},"5":{"loc":{"start":{"line":160,"column":4},"end":{"line":165,"column":5}},"type":"if","locations":[{"start":{"line":160,"column":4},"end":{"line":165,"column":5}},{"start":{},"end":{}}],"line":160},"6":{"loc":{"start":{"line":179,"column":4},"end":{"line":186,"column":5}},"type":"if","locations":[{"start":{"line":179,"column":4},"end":{"line":186,"column":5}},{"start":{},"end":{}}],"line":179},"7":{"loc":{"start":{"line":207,"column":4},"end":{"line":210,"column":5}},"type":"if","locations":[{"start":{"line":207,"column":4},"end":{"line":210,"column":5}},{"start":{},"end":{}}],"line":207},"8":{"loc":{"start":{"line":212,"column":4},"end":{"line":217,"column":5}},"type":"if","locations":[{"start":{"line":212,"column":4},"end":{"line":217,"column":5}},{"start":{},"end":{}}],"line":212},"9":{"loc":{"start":{"line":219,"column":4},"end":{"line":229,"column":5}},"type":"if","locations":[{"start":{"line":219,"column":4},"end":{"line":229,"column":5}},{"start":{},"end":{}}],"line":219},"10":{"loc":{"start":{"line":221,"column":31},"end":{"line":223,"column":26}},"type":"cond-expr","locations":[{"start":{"line":222,"column":10},"end":{"line":222,"column":24}},{"start":{"line":223,"column":10},"end":{"line":223,"column":26}}],"line":221},"11":{"loc":{"start":{"line":245,"column":4},"end":{"line":248,"column":5}},"type":"if","locations":[{"start":{"line":245,"column":4},"end":{"line":248,"column":5}},{"start":{},"end":{}}],"line":245},"12":{"loc":{"start":{"line":250,"column":4},"end":{"line":255,"column":5}},"type":"if","locations":[{"start":{"line":250,"column":4},"end":{"line":255,"column":5}},{"start":{},"end":{}}],"line":250},"13":{"loc":{"start":{"line":257,"column":4},"end":{"line":274,"column":5}},"type":"if","locations":[{"start":{"line":257,"column":4},"end":{"line":274,"column":5}},{"start":{},"end":{}}],"line":257},"14":{"loc":{"start":{"line":261,"column":6},"end":{"line":266,"column":7}},"type":"if","locations":[{"start":{"line":261,"column":6},"end":{"line":266,"column":7}},{"start":{},"end":{}}],"line":261}},"s":{"0":2,"1":2,"2":1,"3":1,"4":1,"5":1,"6":1,"7":0,"8":1,"9":1,"10":1,"11":0,"12":2,"13":1,"14":1,"15":1,"16":1,"17":0,"18":2,"19":0,"20":0,"21":0,"22":0,"23":0,"24":2,"25":2,"26":2,"27":2,"28":2,"29":0,"30":0,"31":0,"32":2,"33":2,"34":2,"35":2,"36":2,"37":2,"38":2,"39":0,"40":2,"41":0,"42":0,"43":0,"44":0,"45":0,"46":0,"47":0,"48":0,"49":0,"50":0,"51":0,"52":0,"53":0,"54":0,"55":0,"56":0,"57":2,"58":0,"59":0,"60":0,"61":0,"62":0,"63":0,"64":0,"65":0,"66":0,"67":0,"68":0,"69":0,"70":0,"71":0,"72":0,"73":0,"74":0,"75":0,"76":0,"77":0,"78":0,"79":0,"80":2,"81":0,"82":0,"83":0,"84":0,"85":0,"86":0,"87":0,"88":0,"89":0,"90":0,"91":0,"92":0,"93":0,"94":0,"95":0,"96":0,"97":0,"98":2,"99":0,"100":0,"101":0,"102":0,"103":0,"104":0,"105":0,"106":0,"107":0,"108":0,"109":0,"110":0,"111":0,"112":0,"113":0,"114":0,"115":0,"116":0,"117":0,"118":0,"119":0,"120":0},"f":{"0":1,"1":1,"2":0,"3":2,"4":0,"5":0,"6":0,"7":0,"8":0,"9":0,"10":0},"b":{"0":[0,1],"1":[0,2],"2":[0,0],"3":[0,0],"4":[0,0],"5":[0,0],"6":[0,0],"7":[0,0],"8":[0,0],"9":[0,0],"10":[0,0],"11":[0,0],"12":[0,0],"13":[0,0],"14":[0,0]},"_coverageSchema":"1a1c01bbd47fc00a2c39e90264f33305004495a9","hash":"f0b6e65cfeddbfd5e3e7c6df348e9ad82d78e134"}
,"C:\\1.HEIG-VD\\Semestre 5\\ArchiOWeb\\ProjetFinal\\animals-place-api\\animals-place\\routes\\auth.js": {"path":"C:\\1.HEIG-VD\\Semestre 5\\ArchiOWeb\\ProjetFinal\\animals-place-api\\animals-place\\routes\\auth.js","statementMap":{"0":{"start":{"line":8,"column":15},"end":{"line":8,"column":31}},"1":{"start":{"line":11,"column":0},"end":{"line":44,"column":3}},"2":{"start":{"line":12,"column":2},"end":{"line":40,"column":3}},"3":{"start":{"line":13,"column":17},"end":{"line":13,"column":62}},"4":{"start":{"line":15,"column":4},"end":{"line":17,"column":5}},"5":{"start":{"line":16,"column":6},"end":{"line":16,"column":33}},"6":{"start":{"line":19,"column":18},"end":{"line":19,"column":72}},"7":{"start":{"line":21,"column":4},"end":{"line":23,"column":5}},"8":{"start":{"line":22,"column":6},"end":{"line":22,"column":33}},"9":{"start":{"line":25,"column":16},"end":{"line":25,"column":61}},"10":{"start":{"line":26,"column":20},"end":{"line":30,"column":5}},"11":{"start":{"line":32,"column":4},"end":{"line":37,"column":7}},"12":{"start":{"line":33,"column":6},"end":{"line":35,"column":7}},"13":{"start":{"line":34,"column":8},"end":{"line":34,"column":25}},"14":{"start":{"line":36,"column":6},"end":{"line":36,"column":45}},"15":{"start":{"line":39,"column":4},"end":{"line":39,"column":14}},"16":{"start":{"line":41,"column":2},"end":{"line":43,"column":5}},"17":{"start":{"line":50,"column":24},"end":{"line":50,"column":48}},"18":{"start":{"line":51,"column":2},"end":{"line":53,"column":3}},"19":{"start":{"line":52,"column":4},"end":{"line":52,"column":67}},"20":{"start":{"line":55,"column":16},"end":{"line":55,"column":52}},"21":{"start":{"line":56,"column":2},"end":{"line":58,"column":3}},"22":{"start":{"line":57,"column":4},"end":{"line":57,"column":78}},"23":{"start":{"line":60,"column":16},"end":{"line":60,"column":24}},"24":{"start":{"line":62,"column":2},"end":{"line":73,"column":3}},"25":{"start":{"line":63,"column":20},"end":{"line":63,"column":54}},"26":{"start":{"line":64,"column":4},"end":{"line":64,"column":36}},"27":{"start":{"line":67,"column":18},"end":{"line":67,"column":31}},"28":{"start":{"line":68,"column":4},"end":{"line":68,"column":63}},"29":{"start":{"line":70,"column":4},"end":{"line":70,"column":11}},"30":{"start":{"line":72,"column":4},"end":{"line":72,"column":72}},"31":{"start":{"line":77,"column":2},"end":{"line":89,"column":4}},"32":{"start":{"line":78,"column":4},"end":{"line":80,"column":5}},"33":{"start":{"line":79,"column":6},"end":{"line":79,"column":33}},"34":{"start":{"line":82,"column":23},"end":{"line":82,"column":78}},"35":{"start":{"line":84,"column":4},"end":{"line":86,"column":5}},"36":{"start":{"line":85,"column":6},"end":{"line":85,"column":33}},"37":{"start":{"line":88,"column":4},"end":{"line":88,"column":11}},"38":{"start":{"line":92,"column":0},"end":{"line":95,"column":3}},"39":{"start":{"line":93,"column":2},"end":{"line":93,"column":27}},"40":{"start":{"line":94,"column":2},"end":{"line":94,"column":22}}},"fnMap":{"0":{"name":"(anonymous_0)","decl":{"start":{"line":11,"column":22},"end":{"line":11,"column":23}},"loc":{"start":{"line":11,"column":48},"end":{"line":44,"column":1}},"line":11},"1":{"name":"(anonymous_1)","decl":{"start":{"line":32,"column":33},"end":{"line":32,"column":34}},"loc":{"start":{"line":32,"column":49},"end":{"line":37,"column":5}},"line":32},"2":{"name":"authenticate","decl":{"start":{"line":48,"column":22},"end":{"line":48,"column":34}},"loc":{"start":{"line":48,"column":51},"end":{"line":74,"column":1}},"line":48},"3":{"name":"authorize","decl":{"start":{"line":76,"column":16},"end":{"line":76,"column":25}},"loc":{"start":{"line":76,"column":46},"end":{"line":90,"column":1}},"line":76},"4":{"name":"authorizationMiddleware","decl":{"start":{"line":77,"column":18},"end":{"line":77,"column":41}},"loc":{"start":{"line":77,"column":58},"end":{"line":89,"column":3}},"line":77},"5":{"name":"(anonymous_5)","decl":{"start":{"line":92,"column":23},"end":{"line":92,"column":24}},"loc":{"start":{"line":92,"column":37},"end":{"line":95,"column":1}},"line":92}},"branchMap":{"0":{"loc":{"start":{"line":15,"column":4},"end":{"line":17,"column":5}},"type":"if","locations":[{"start":{"line":15,"column":4},"end":{"line":17,"column":5}},{"start":{},"end":{}}],"line":15},"1":{"loc":{"start":{"line":21,"column":4},"end":{"line":23,"column":5}},"type":"if","locations":[{"start":{"line":21,"column":4},"end":{"line":23,"column":5}},{"start":{},"end":{}}],"line":21},"2":{"loc":{"start":{"line":33,"column":6},"end":{"line":35,"column":7}},"type":"if","locations":[{"start":{"line":33,"column":6},"end":{"line":35,"column":7}},{"start":{},"end":{}}],"line":33},"3":{"loc":{"start":{"line":51,"column":2},"end":{"line":53,"column":3}},"type":"if","locations":[{"start":{"line":51,"column":2},"end":{"line":53,"column":3}},{"start":{},"end":{}}],"line":51},"4":{"loc":{"start":{"line":56,"column":2},"end":{"line":58,"column":3}},"type":"if","locations":[{"start":{"line":56,"column":2},"end":{"line":58,"column":3}},{"start":{},"end":{}}],"line":56},"5":{"loc":{"start":{"line":68,"column":33},"end":{"line":68,"column":62}},"type":"cond-expr","locations":[{"start":{"line":68,"column":41},"end":{"line":68,"column":57}},{"start":{"line":68,"column":60},"end":{"line":68,"column":62}}],"line":68},"6":{"loc":{"start":{"line":78,"column":4},"end":{"line":80,"column":5}},"type":"if","locations":[{"start":{"line":78,"column":4},"end":{"line":80,"column":5}},{"start":{},"end":{}}],"line":78},"7":{"loc":{"start":{"line":84,"column":4},"end":{"line":86,"column":5}},"type":"if","locations":[{"start":{"line":84,"column":4},"end":{"line":86,"column":5}},{"start":{},"end":{}}],"line":84}},"s":{"0":2,"1":2,"2":0,"3":0,"4":0,"5":0,"6":0,"7":0,"8":0,"9":0,"10":0,"11":0,"12":0,"13":0,"14":0,"15":0,"16":0,"17":5,"18":5,"19":0,"20":5,"21":5,"22":0,"23":5,"24":5,"25":5,"26":5,"27":5,"28":5,"29":5,"30":0,"31":6,"32":0,"33":0,"34":0,"35":0,"36":0,"37":0,"38":2,"39":0,"40":0},"f":{"0":0,"1":0,"2":5,"3":6,"4":0,"5":0},"b":{"0":[0,0],"1":[0,0],"2":[0,0],"3":[0,5],"4":[0,5],"5":[0,5],"6":[0,0],"7":[0,0]},"_coverageSchema":"1a1c01bbd47fc00a2c39e90264f33305004495a9","hash":"f1046a4a45f56ea5e8ebee4401d7356356d62bc4"}
,"C:\\1.HEIG-VD\\Semestre 5\\ArchiOWeb\\ProjetFinal\\animals-place-api\\animals-place\\routes\\index.js": {"path":"C:\\1.HEIG-VD\\Semestre 5\\ArchiOWeb\\ProjetFinal\\animals-place-api\\animals-place\\routes\\index.js","statementMap":{"0":{"start":{"line":2,"column":15},"end":{"line":2,"column":31}},"1":{"start":{"line":4,"column":0},"end":{"line":6,"column":3}},"2":{"start":{"line":5,"column":2},"end":{"line":5,"column":32}}},"fnMap":{"0":{"name":"(anonymous_0)","decl":{"start":{"line":4,"column":16},"end":{"line":4,"column":17}},"loc":{"start":{"line":4,"column":42},"end":{"line":6,"column":1}},"line":4}},"branchMap":{},"s":{"0":2,"1":2,"2":0},"f":{"0":0},"b":{},"_coverageSchema":"1a1c01bbd47fc00a2c39e90264f33305004495a9","hash":"bb69ddcbb2f7e0d2bae2a0d5302357a5c86dea32"}
,"C:\\1.HEIG-VD\\Semestre 5\\ArchiOWeb\\ProjetFinal\\animals-place-api\\animals-place\\routes\\localisation.js": {"path":"C:\\1.HEIG-VD\\Semestre 5\\ArchiOWeb\\ProjetFinal\\animals-place-api\\animals-place\\routes\\localisation.js","statementMap":{"0":{"start":{"line":5,"column":15},"end":{"line":5,"column":31}},"1":{"start":{"line":7,"column":0},"end":{"line":35,"column":3}},"2":{"start":{"line":8,"column":2},"end":{"line":34,"column":3}},"3":{"start":{"line":9,"column":19},"end":{"line":9,"column":36}},"4":{"start":{"line":10,"column":26},"end":{"line":10,"column":45}},"5":{"start":{"line":11,"column":25},"end":{"line":11,"column":43}},"6":{"start":{"line":12,"column":4},"end":{"line":12,"column":72}},"7":{"start":{"line":14,"column":4},"end":{"line":14,"column":35}},"8":{"start":{"line":16,"column":15},"end":{"line":16,"column":42}},"9":{"start":{"line":18,"column":4},"end":{"line":21,"column":5}},"10":{"start":{"line":19,"column":6},"end":{"line":19,"column":67}},"11":{"start":{"line":20,"column":6},"end":{"line":20,"column":13}},"12":{"start":{"line":23,"column":4},"end":{"line":23,"column":60}},"13":{"start":{"line":23,"column":23},"end":{"line":23,"column":60}},"14":{"start":{"line":24,"column":4},"end":{"line":24,"column":58}},"15":{"start":{"line":24,"column":22},"end":{"line":24,"column":58}},"16":{"start":{"line":27,"column":24},"end":{"line":27,"column":41}},"17":{"start":{"line":30,"column":4},"end":{"line":30,"column":38}},"18":{"start":{"line":32,"column":4},"end":{"line":32,"column":58}},"19":{"start":{"line":33,"column":4},"end":{"line":33,"column":16}}},"fnMap":{"0":{"name":"(anonymous_0)","decl":{"start":{"line":7,"column":31},"end":{"line":7,"column":32}},"loc":{"start":{"line":7,"column":57},"end":{"line":35,"column":1}},"line":7}},"branchMap":{"0":{"loc":{"start":{"line":18,"column":4},"end":{"line":21,"column":5}},"type":"if","locations":[{"start":{"line":18,"column":4},"end":{"line":21,"column":5}},{"start":{},"end":{}}],"line":18},"1":{"loc":{"start":{"line":23,"column":4},"end":{"line":23,"column":60}},"type":"if","locations":[{"start":{"line":23,"column":4},"end":{"line":23,"column":60}},{"start":{},"end":{}}],"line":23},"2":{"loc":{"start":{"line":24,"column":4},"end":{"line":24,"column":58}},"type":"if","locations":[{"start":{"line":24,"column":4},"end":{"line":24,"column":58}},{"start":{},"end":{}}],"line":24}},"s":{"0":2,"1":2,"2":0,"3":0,"4":0,"5":0,"6":0,"7":0,"8":0,"9":0,"10":0,"11":0,"12":0,"13":0,"14":0,"15":0,"16":0,"17":0,"18":0,"19":0},"f":{"0":0},"b":{"0":[0,0],"1":[0,0],"2":[0,0]},"_coverageSchema":"1a1c01bbd47fc00a2c39e90264f33305004495a9","hash":"5a53c2c8dabac4997bc0e300b9c037d2ae40a2dd"}
,"C:\\1.HEIG-VD\\Semestre 5\\ArchiOWeb\\ProjetFinal\\animals-place-api\\animals-place\\routes\\meetings.js": {"path":"C:\\1.HEIG-VD\\Semestre 5\\ArchiOWeb\\ProjetFinal\\animals-place-api\\animals-place\\routes\\meetings.js","statementMap":{"0":{"start":{"line":10,"column":15},"end":{"line":10,"column":31}},"1":{"start":{"line":12,"column":0},"end":{"line":89,"column":3}},"2":{"start":{"line":13,"column":19},"end":{"line":13,"column":38}},"3":{"start":{"line":14,"column":17},"end":{"line":14,"column":32}},"4":{"start":{"line":15,"column":23},"end":{"line":15,"column":44}},"5":{"start":{"line":17,"column":2},"end":{"line":24,"column":3}},"6":{"start":{"line":22,"column":4},"end":{"line":22,"column":59}},"7":{"start":{"line":23,"column":4},"end":{"line":23,"column":11}},"8":{"start":{"line":26,"column":2},"end":{"line":88,"column":3}},"9":{"start":{"line":27,"column":25},"end":{"line":27,"column":56}},"10":{"start":{"line":28,"column":24},"end":{"line":28,"column":59}},"11":{"start":{"line":30,"column":4},"end":{"line":33,"column":5}},"12":{"start":{"line":31,"column":6},"end":{"line":31,"column":60}},"13":{"start":{"line":32,"column":6},"end":{"line":32,"column":13}},"14":{"start":{"line":35,"column":4},"end":{"line":38,"column":5}},"15":{"start":{"line":36,"column":6},"end":{"line":36,"column":65}},"16":{"start":{"line":37,"column":6},"end":{"line":37,"column":13}},"17":{"start":{"line":41,"column":22},"end":{"line":43,"column":5}},"18":{"start":{"line":42,"column":6},"end":{"line":42,"column":34}},"19":{"start":{"line":45,"column":4},"end":{"line":85,"column":5}},"20":{"start":{"line":48,"column":6},"end":{"line":51,"column":9}},"21":{"start":{"line":53,"column":6},"end":{"line":53,"column":31}},"22":{"start":{"line":57,"column":28},"end":{"line":60,"column":7}},"23":{"start":{"line":59,"column":10},"end":{"line":59,"column":61}},"24":{"start":{"line":62,"column":6},"end":{"line":82,"column":7}},"25":{"start":{"line":64,"column":27},"end":{"line":71,"column":10}},"26":{"start":{"line":73,"column":29},"end":{"line":73,"column":52}},"27":{"start":{"line":74,"column":8},"end":{"line":74,"column":53}},"28":{"start":{"line":75,"column":8},"end":{"line":75,"column":77}},"29":{"start":{"line":77,"column":29},"end":{"line":77,"column":40}},"30":{"start":{"line":78,"column":30},"end":{"line":78,"column":49}},"31":{"start":{"line":80,"column":8},"end":{"line":80,"column":66}},"32":{"start":{"line":81,"column":8},"end":{"line":81,"column":51}},"33":{"start":{"line":84,"column":6},"end":{"line":84,"column":57}},"34":{"start":{"line":87,"column":4},"end":{"line":87,"column":16}},"35":{"start":{"line":92,"column":0},"end":{"line":104,"column":3}},"36":{"start":{"line":93,"column":17},"end":{"line":93,"column":34}},"37":{"start":{"line":95,"column":2},"end":{"line":103,"column":3}},"38":{"start":{"line":96,"column":21},"end":{"line":98,"column":5}},"39":{"start":{"line":100,"column":4},"end":{"line":100,"column":35}},"40":{"start":{"line":102,"column":4},"end":{"line":102,"column":16}},"41":{"start":{"line":108,"column":0},"end":{"line":127,"column":3}},"42":{"start":{"line":109,"column":17},"end":{"line":109,"column":34}},"43":{"start":{"line":111,"column":2},"end":{"line":126,"column":3}},"44":{"start":{"line":112,"column":16},"end":{"line":121,"column":6}},"45":{"start":{"line":122,"column":4},"end":{"line":122,"column":23}},"46":{"start":{"line":123,"column":4},"end":{"line":123,"column":32}},"47":{"start":{"line":125,"column":4},"end":{"line":125,"column":16}},"48":{"start":{"line":130,"column":0},"end":{"line":146,"column":3}},"49":{"start":{"line":131,"column":20},"end":{"line":131,"column":40}},"50":{"start":{"line":133,"column":2},"end":{"line":145,"column":3}},"51":{"start":{"line":134,"column":27},"end":{"line":134,"column":70}},"52":{"start":{"line":136,"column":4},"end":{"line":140,"column":5}},"53":{"start":{"line":137,"column":6},"end":{"line":137,"column":59}},"54":{"start":{"line":139,"column":6},"end":{"line":139,"column":61}},"55":{"start":{"line":141,"column":4},"end":{"line":141,"column":32}},"56":{"start":{"line":144,"column":4},"end":{"line":144,"column":61}}},"fnMap":{"0":{"name":"(anonymous_0)","decl":{"start":{"line":12,"column":45},"end":{"line":12,"column":46}},"loc":{"start":{"line":12,"column":71},"end":{"line":89,"column":1}},"line":12},"1":{"name":"(anonymous_1)","decl":{"start":{"line":41,"column":58},"end":{"line":41,"column":59}},"loc":{"start":{"line":42,"column":6},"end":{"line":42,"column":34}},"line":42},"2":{"name":"(anonymous_2)","decl":{"start":{"line":58,"column":8},"end":{"line":58,"column":9}},"loc":{"start":{"line":59,"column":10},"end":{"line":59,"column":61}},"line":59},"3":{"name":"(anonymous_3)","decl":{"start":{"line":92,"column":30},"end":{"line":92,"column":31}},"loc":{"start":{"line":92,"column":56},"end":{"line":104,"column":1}},"line":92},"4":{"name":"(anonymous_4)","decl":{"start":{"line":108,"column":35},"end":{"line":108,"column":36}},"loc":{"start":{"line":108,"column":61},"end":{"line":127,"column":1}},"line":108},"5":{"name":"(anonymous_5)","decl":{"start":{"line":130,"column":43},"end":{"line":130,"column":44}},"loc":{"start":{"line":130,"column":69},"end":{"line":146,"column":1}},"line":130}},"branchMap":{"0":{"loc":{"start":{"line":17,"column":2},"end":{"line":24,"column":3}},"type":"if","locations":[{"start":{"line":17,"column":2},"end":{"line":24,"column":3}},{"start":{},"end":{}}],"line":17},"1":{"loc":{"start":{"line":18,"column":4},"end":{"line":20,"column":50}},"type":"binary-expr","locations":[{"start":{"line":18,"column":4},"end":{"line":18,"column":46}},{"start":{"line":19,"column":4},"end":{"line":19,"column":44}},{"start":{"line":20,"column":4},"end":{"line":20,"column":50}}],"line":18},"2":{"loc":{"start":{"line":30,"column":4},"end":{"line":33,"column":5}},"type":"if","locations":[{"start":{"line":30,"column":4},"end":{"line":33,"column":5}},{"start":{},"end":{}}],"line":30},"3":{"loc":{"start":{"line":35,"column":4},"end":{"line":38,"column":5}},"type":"if","locations":[{"start":{"line":35,"column":4},"end":{"line":38,"column":5}},{"start":{},"end":{}}],"line":35},"4":{"loc":{"start":{"line":45,"column":4},"end":{"line":85,"column":5}},"type":"if","locations":[{"start":{"line":45,"column":4},"end":{"line":85,"column":5}},{"start":{"line":83,"column":11},"end":{"line":85,"column":5}}],"line":45},"5":{"loc":{"start":{"line":62,"column":6},"end":{"line":82,"column":7}},"type":"if","locations":[{"start":{"line":62,"column":6},"end":{"line":82,"column":7}},{"start":{"line":76,"column":13},"end":{"line":82,"column":7}}],"line":62},"6":{"loc":{"start":{"line":136,"column":4},"end":{"line":140,"column":5}},"type":"if","locations":[{"start":{"line":136,"column":4},"end":{"line":140,"column":5}},{"start":{"line":138,"column":11},"end":{"line":140,"column":5}}],"line":136}},"s":{"0":2,"1":2,"2":0,"3":0,"4":0,"5":0,"6":0,"7":0,"8":0,"9":0,"10":0,"11":0,"12":0,"13":0,"14":0,"15":0,"16":0,"17":0,"18":0,"19":0,"20":0,"21":0,"22":0,"23":0,"24":0,"25":0,"26":0,"27":0,"28":0,"29":0,"30":0,"31":0,"32":0,"33":0,"34":0,"35":2,"36":0,"37":0,"38":0,"39":0,"40":0,"41":2,"42":0,"43":0,"44":0,"45":0,"46":0,"47":0,"48":2,"49":0,"50":0,"51":0,"52":0,"53":0,"54":0,"55":0,"56":0},"f":{"0":0,"1":0,"2":0,"3":0,"4":0,"5":0},"b":{"0":[0,0],"1":[0,0,0],"2":[0,0],"3":[0,0],"4":[0,0],"5":[0,0],"6":[0,0]},"_coverageSchema":"1a1c01bbd47fc00a2c39e90264f33305004495a9","hash":"2ff7cb8b83173e56755cb28c05ad5f0982450c6b"}
,"C:\\1.HEIG-VD\\Semestre 5\\ArchiOWeb\\ProjetFinal\\animals-place-api\\animals-place\\routes\\users.js": {"path":"C:\\1.HEIG-VD\\Semestre 5\\ArchiOWeb\\ProjetFinal\\animals-place-api\\animals-place\\routes\\users.js","statementMap":{"0":{"start":{"line":10,"column":15},"end":{"line":10,"column":31}},"1":{"start":{"line":13,"column":0},"end":{"line":23,"column":3}},"2":{"start":{"line":14,"column":2},"end":{"line":22,"column":7}},"3":{"start":{"line":18,"column":6},"end":{"line":18,"column":22}},"4":{"start":{"line":21,"column":6},"end":{"line":21,"column":16}},"5":{"start":{"line":26,"column":0},"end":{"line":33,"column":3}},"6":{"start":{"line":27,"column":2},"end":{"line":32,"column":7}},"7":{"start":{"line":31,"column":6},"end":{"line":31,"column":22}},"8":{"start":{"line":35,"column":0},"end":{"line":48,"column":3}},"9":{"start":{"line":36,"column":2},"end":{"line":47,"column":3}},"10":{"start":{"line":37,"column":17},"end":{"line":37,"column":55}},"11":{"start":{"line":39,"column":4},"end":{"line":42,"column":5}},"12":{"start":{"line":40,"column":6},"end":{"line":40,"column":58}},"13":{"start":{"line":41,"column":6},"end":{"line":41,"column":13}},"14":{"start":{"line":44,"column":4},"end":{"line":44,"column":19}},"15":{"start":{"line":46,"column":4},"end":{"line":46,"column":14}},"16":{"start":{"line":51,"column":0},"end":{"line":81,"column":3}},"17":{"start":{"line":52,"column":2},"end":{"line":80,"column":3}},"18":{"start":{"line":53,"column":26},"end":{"line":53,"column":43}},"19":{"start":{"line":54,"column":23},"end":{"line":54,"column":25}},"20":{"start":{"line":57,"column":27},"end":{"line":57,"column":71}},"21":{"start":{"line":60,"column":25},"end":{"line":60,"column":70}},"22":{"start":{"line":62,"column":4},"end":{"line":77,"column":5}},"23":{"start":{"line":64,"column":20},"end":{"line":64,"column":57}},"24":{"start":{"line":65,"column":6},"end":{"line":65,"column":25}},"25":{"start":{"line":66,"column":6},"end":{"line":66,"column":18}},"26":{"start":{"line":69,"column":22},"end":{"line":69,"column":40}},"27":{"start":{"line":70,"column":6},"end":{"line":70,"column":40}},"28":{"start":{"line":71,"column":24},"end":{"line":71,"column":44}},"29":{"start":{"line":73,"column":6},"end":{"line":73,"column":38}},"30":{"start":{"line":74,"column":6},"end":{"line":76,"column":9}},"31":{"start":{"line":79,"column":4},"end":{"line":79,"column":14}},"32":{"start":{"line":84,"column":0},"end":{"line":112,"column":2}},"33":{"start":{"line":88,"column":4},"end":{"line":110,"column":5}},"34":{"start":{"line":89,"column":21},"end":{"line":89,"column":38}},"35":{"start":{"line":90,"column":22},"end":{"line":90,"column":30}},"36":{"start":{"line":93,"column":19},"end":{"line":93,"column":46}},"37":{"start":{"line":95,"column":6},"end":{"line":98,"column":7}},"38":{"start":{"line":96,"column":8},"end":{"line":96,"column":60}},"39":{"start":{"line":97,"column":8},"end":{"line":97,"column":15}},"40":{"start":{"line":102,"column":6},"end":{"line":102,"column":35}},"41":{"start":{"line":105,"column":26},"end":{"line":105,"column":43}},"42":{"start":{"line":107,"column":6},"end":{"line":107,"column":40}},"43":{"start":{"line":109,"column":6},"end":{"line":109,"column":18}},"44":{"start":{"line":115,"column":0},"end":{"line":132,"column":2}},"45":{"start":{"line":119,"column":4},"end":{"line":130,"column":5}},"46":{"start":{"line":120,"column":26},"end":{"line":120,"column":74}},"47":{"start":{"line":122,"column":6},"end":{"line":126,"column":7}},"48":{"start":{"line":123,"column":8},"end":{"line":123,"column":58}},"49":{"start":{"line":125,"column":8},"end":{"line":125,"column":60}},"50":{"start":{"line":129,"column":6},"end":{"line":129,"column":63}}},"fnMap":{"0":{"name":"(anonymous_0)","decl":{"start":{"line":13,"column":30},"end":{"line":13,"column":31}},"loc":{"start":{"line":13,"column":56},"end":{"line":23,"column":1}},"line":13},"1":{"name":"(anonymous_1)","decl":{"start":{"line":17,"column":10},"end":{"line":17,"column":11}},"loc":{"start":{"line":17,"column":21},"end":{"line":19,"column":5}},"line":17},"2":{"name":"(anonymous_2)","decl":{"start":{"line":20,"column":11},"end":{"line":20,"column":12}},"loc":{"start":{"line":20,"column":20},"end":{"line":22,"column":5}},"line":20},"3":{"name":"(anonymous_3)","decl":{"start":{"line":26,"column":53},"end":{"line":26,"column":54}},"loc":{"start":{"line":26,"column":79},"end":{"line":33,"column":1}},"line":26},"4":{"name":"(anonymous_4)","decl":{"start":{"line":30,"column":10},"end":{"line":30,"column":11}},"loc":{"start":{"line":30,"column":21},"end":{"line":32,"column":5}},"line":30},"5":{"name":"(anonymous_5)","decl":{"start":{"line":35,"column":51},"end":{"line":35,"column":52}},"loc":{"start":{"line":35,"column":77},"end":{"line":48,"column":1}},"line":35},"6":{"name":"(anonymous_6)","decl":{"start":{"line":51,"column":17},"end":{"line":51,"column":18}},"loc":{"start":{"line":51,"column":43},"end":{"line":81,"column":1}},"line":51},"7":{"name":"(anonymous_7)","decl":{"start":{"line":87,"column":2},"end":{"line":87,"column":3}},"loc":{"start":{"line":87,"column":28},"end":{"line":111,"column":3}},"line":87},"8":{"name":"(anonymous_8)","decl":{"start":{"line":118,"column":2},"end":{"line":118,"column":3}},"loc":{"start":{"line":118,"column":22},"end":{"line":131,"column":3}},"line":118}},"branchMap":{"0":{"loc":{"start":{"line":39,"column":4},"end":{"line":42,"column":5}},"type":"if","locations":[{"start":{"line":39,"column":4},"end":{"line":42,"column":5}},{"start":{},"end":{}}],"line":39},"1":{"loc":{"start":{"line":62,"column":4},"end":{"line":77,"column":5}},"type":"if","locations":[{"start":{"line":62,"column":4},"end":{"line":77,"column":5}},{"start":{"line":67,"column":11},"end":{"line":77,"column":5}}],"line":62},"2":{"loc":{"start":{"line":95,"column":6},"end":{"line":98,"column":7}},"type":"if","locations":[{"start":{"line":95,"column":6},"end":{"line":98,"column":7}},{"start":{},"end":{}}],"line":95},"3":{"loc":{"start":{"line":122,"column":6},"end":{"line":126,"column":7}},"type":"if","locations":[{"start":{"line":122,"column":6},"end":{"line":126,"column":7}},{"start":{"line":124,"column":13},"end":{"line":126,"column":7}}],"line":122}},"s":{"0":2,"1":2,"2":1,"3":1,"4":0,"5":2,"6":0,"7":0,"8":2,"9":0,"10":0,"11":0,"12":0,"13":0,"14":0,"15":0,"16":2,"17":1,"18":1,"19":1,"20":1,"21":1,"22":1,"23":0,"24":0,"25":0,"26":1,"27":1,"28":1,"29":1,"30":1,"31":0,"32":2,"33":0,"34":0,"35":0,"36":0,"37":0,"38":0,"39":0,"40":0,"41":0,"42":0,"43":0,"44":2,"45":0,"46":0,"47":0,"48":0,"49":0,"50":0},"f":{"0":1,"1":1,"2":0,"3":0,"4":0,"5":0,"6":1,"7":0,"8":0},"b":{"0":[0,0],"1":[0,1],"2":[0,0],"3":[0,0]},"_coverageSchema":"1a1c01bbd47fc00a2c39e90264f33305004495a9","hash":"1f1f1c640dca669e73f09c8f048d6da8b104ff32"}
,"C:\\1.HEIG-VD\\Semestre 5\\ArchiOWeb\\ProjetFinal\\animals-place-api\\animals-place\\spec\\utils.js": {"path":"C:\\1.HEIG-VD\\Semestre 5\\ArchiOWeb\\ProjetFinal\\animals-place-api\\animals-place\\spec\\utils.js","statementMap":{"0":{"start":{"line":7,"column":16},"end":{"line":7,"column":35}},"1":{"start":{"line":9,"column":31},"end":{"line":11,"column":1}},"2":{"start":{"line":10,"column":2},"end":{"line":10,"column":62}},"3":{"start":{"line":15,"column":14},"end":{"line":15,"column":66}},"4":{"start":{"line":16,"column":17},"end":{"line":16,"column":55}},"5":{"start":{"line":17,"column":2},"end":{"line":17,"column":36}}},"fnMap":{"0":{"name":"(anonymous_0)","decl":{"start":{"line":9,"column":31},"end":{"line":9,"column":32}},"loc":{"start":{"line":9,"column":49},"end":{"line":11,"column":1}},"line":9},"1":{"name":"generateValidJwt","decl":{"start":{"line":13,"column":16},"end":{"line":13,"column":32}},"loc":{"start":{"line":13,"column":39},"end":{"line":18,"column":1}},"line":13}},"branchMap":{},"s":{"0":2,"1":2,"2":6,"3":5,"4":5,"5":5},"f":{"0":6,"1":5},"b":{},"_coverageSchema":"1a1c01bbd47fc00a2c39e90264f33305004495a9","hash":"459d00dcb1fcc395305541493b9b1bb60a671455"}
}
