TN:
SF:app.js
FN:34,(anonymous_0)
FN:39,(anonymous_1)
FNF:2
FNH:0
FNDA:0,(anonymous_0)
FNDA:0,(anonymous_1)
DA:16,3
DA:18,3
DA:22,3
DA:23,3
DA:24,3
DA:26,3
DA:27,3
DA:28,3
DA:29,3
DA:30,3
DA:31,3
DA:34,3
DA:35,0
DA:39,3
DA:40,0
DA:43,0
DA:44,0
DA:47,0
DA:48,0
LF:19
LH:13
BRDA:44,0,0,0
BRDA:44,0,1,0
BRDA:47,1,0,0
BRDA:47,1,1,0
BRF:4
BRH:0
end_of_record
TN:
SF:config.js
FNF:0
FNH:0
DA:2,3
DA:5,3
DA:6,3
DA:7,3
LF:4
LH:4
BRDA:5,0,0,3
BRDA:5,0,1,0
BRDA:6,1,0,3
BRDA:6,1,1,3
BRDA:7,2,0,3
BRDA:7,2,1,3
BRF:6
BRH:5
end_of_record
TN:
SF:utils.js
FN:3,idValidation
FNF:1
FNH:0
FNDA:0,idValidation
DA:4,0
DA:5,0
DA:6,0
DA:7,0
DA:8,0
DA:12,0
LF:6
LH:0
BRDA:6,0,0,0
BRDA:6,0,1,0
BRDA:7,1,0,0
BRDA:7,1,1,0
BRF:4
BRH:0
end_of_record
TN:
SF:ws.js
FN:10,createWebSocketServer
FN:17,(anonymous_1)
FN:25,(anonymous_2)
FN:41,(anonymous_3)
FN:48,broadcastMessage
FN:53,(anonymous_5)
FN:57,sendMessageToConnectedClient
FN:80,onMessageReceived
FNF:8
FNH:2
FNDA:0,createWebSocketServer
FNDA:0,(anonymous_1)
FNDA:0,(anonymous_2)
FNDA:0,(anonymous_3)
FNDA:3,broadcastMessage
FNDA:0,(anonymous_5)
FNDA:1,sendMessageToConnectedClient
FNDA:0,onMessageReceived
DA:4,3
DA:6,3
DA:8,3
DA:11,0
DA:12,0
DA:17,0
DA:18,0
DA:19,0
DA:22,0
DA:25,0
DA:28,0
DA:29,0
DA:32,0
DA:36,0
DA:37,0
DA:41,0
DA:42,0
DA:43,0
DA:49,3
DA:53,3
DA:54,3
DA:58,1
DA:60,1
DA:61,1
DA:63,1
DA:64,1
DA:66,1
DA:67,0
DA:68,0
DA:69,0
DA:71,0
DA:74,1
DA:81,0
DA:84,0
DA:85,0
DA:86,0
LF:36
LH:13
BRDA:66,0,0,0
BRDA:66,0,1,1
BRDA:66,1,0,1
BRDA:66,1,1,0
BRDA:84,2,0,0
BRDA:84,2,1,0
BRF:6
BRH:2
end_of_record
TN:
SF:models\animal.js
FNF:0
FNH:0
DA:2,3
DA:4,3
LF:2
LH:2
BRF:0
BRH:0
end_of_record
TN:
SF:models\meeting.js
FNF:0
FNH:0
DA:2,3
DA:4,3
LF:2
LH:2
BRF:0
BRH:0
end_of_record
TN:
SF:models\user.js
FN:73,validateGeoJsonCoordinates
FN:83,isLatitude
FN:87,isLongitude
FN:95,transformJsonUser
FNF:4
FNH:4
FNDA:17,validateGeoJsonCoordinates
FNDA:17,isLatitude
FNDA:17,isLongitude
FNDA:2,transformJsonUser
DA:2,3
DA:4,3
DA:70,3
DA:74,17
DA:84,17
DA:88,17
DA:91,3
DA:96,2
DA:97,2
LF:9
LH:9
BRDA:75,0,0,17
BRDA:75,0,1,17
BRDA:75,0,2,17
BRDA:75,0,3,17
BRDA:75,0,4,17
BRDA:84,1,0,17
BRDA:84,1,1,17
BRDA:88,2,0,17
BRDA:88,2,1,17
BRF:9
BRH:9
end_of_record
TN:
SF:routes\animals.js
FN:11,(anonymous_0)
FN:40,(anonymous_1)
FN:57,(anonymous_2)
FN:83,(anonymous_3)
FN:115,(anonymous_4)
FN:138,(anonymous_5)
FN:150,(anonymous_6)
FN:178,(anonymous_7)
FN:203,(anonymous_8)
FN:227,(anonymous_9)
FN:240,(anonymous_10)
FN:272,(anonymous_11)
FNF:12
FNH:3
FNDA:1,(anonymous_0)
FNDA:1,(anonymous_1)
FNDA:0,(anonymous_2)
FNDA:2,(anonymous_3)
FNDA:0,(anonymous_4)
FNDA:0,(anonymous_5)
FNDA:0,(anonymous_6)
FNDA:0,(anonymous_7)
FNDA:0,(anonymous_8)
FNDA:0,(anonymous_9)
FNDA:0,(anonymous_10)
FNDA:0,(anonymous_11)
DA:8,3
DA:11,3
DA:12,1
DA:13,1
DA:14,1
DA:15,1
DA:17,1
DA:18,0
DA:22,1
DA:25,1
DA:33,1
DA:35,0
DA:40,3
DA:41,1
DA:42,1
DA:45,1
DA:50,1
DA:52,0
DA:57,3
DA:58,0
DA:60,0
DA:63,0
DA:77,0
DA:79,0
DA:83,3
DA:84,2
DA:86,2
DA:87,2
DA:89,2
DA:91,0
DA:92,0
DA:93,0
DA:97,2
DA:98,2
DA:99,2
DA:102,2
DA:103,2
DA:105,2
DA:106,2
DA:111,0
DA:115,3
DA:116,0
DA:117,0
DA:118,0
DA:123,0
DA:124,0
DA:127,0
DA:128,0
DA:132,0
DA:133,0
DA:135,0
DA:138,0
DA:139,0
DA:142,0
DA:144,0
DA:146,0
DA:150,3
DA:151,0
DA:152,0
DA:153,0
DA:155,0
DA:157,0
DA:158,0
DA:159,0
DA:162,0
DA:163,0
DA:166,0
DA:170,0
DA:177,0
DA:178,0
DA:181,0
DA:182,0
DA:187,0
DA:190,0
DA:192,0
DA:193,0
DA:195,0
DA:196,0
DA:198,0
DA:203,3
DA:204,0
DA:205,0
DA:206,0
DA:207,0
DA:209,0
DA:210,0
DA:211,0
DA:214,0
DA:215,0
DA:218,0
DA:221,0
DA:223,0
DA:227,0
DA:228,0
DA:230,0
DA:233,0
DA:235,0
DA:240,3
DA:241,0
DA:242,0
DA:243,0
DA:244,0
DA:245,0
DA:247,0
DA:248,0
DA:249,0
DA:252,0
DA:253,0
DA:256,0
DA:259,0
DA:261,0
DA:262,0
DA:263,0
DA:264,0
DA:267,0
DA:271,0
DA:272,0
DA:275,0
DA:278,0
DA:280,0
LF:120
LH:32
BRDA:17,0,0,0
BRDA:17,0,1,1
BRDA:89,1,0,0
BRDA:89,1,1,2
BRDA:123,2,0,0
BRDA:123,2,1,0
BRDA:157,3,0,0
BRDA:157,3,1,0
BRDA:162,4,0,0
BRDA:162,4,1,0
BRDA:181,5,0,0
BRDA:181,5,1,0
BRDA:209,6,0,0
BRDA:209,6,1,0
BRDA:214,7,0,0
BRDA:214,7,1,0
BRDA:221,8,0,0
BRDA:221,8,1,0
BRDA:223,9,0,0
BRDA:223,9,1,0
BRDA:247,10,0,0
BRDA:247,10,1,0
BRDA:252,11,0,0
BRDA:252,11,1,0
BRDA:259,12,0,0
BRDA:259,12,1,0
BRDA:263,13,0,0
BRDA:263,13,1,0
BRF:28
BRH:2
end_of_record
TN:
SF:routes\auth.js
FN:11,(anonymous_0)
FN:32,(anonymous_1)
FN:48,authenticate
FN:76,authorize
FN:77,authorizationMiddleware
FN:92,(anonymous_5)
FNF:6
FNH:3
FNDA:0,(anonymous_0)
FNDA:0,(anonymous_1)
FNDA:6,authenticate
FNDA:6,authorize
FNDA:1,authorizationMiddleware
FNDA:0,(anonymous_5)
DA:8,3
DA:11,3
DA:12,0
DA:13,0
DA:15,0
DA:16,0
DA:19,0
DA:21,0
DA:22,0
DA:25,0
DA:26,0
DA:32,0
DA:33,0
DA:34,0
DA:36,0
DA:39,0
DA:41,0
DA:50,6
DA:51,6
DA:52,0
DA:55,6
DA:56,6
DA:57,0
DA:60,6
DA:62,6
DA:63,6
DA:64,6
DA:67,6
DA:68,6
DA:70,6
DA:72,0
DA:77,6
DA:78,1
DA:79,0
DA:82,1
DA:84,1
DA:85,1
DA:88,0
DA:92,3
DA:93,0
DA:94,0
LF:41
LH:19
BRDA:15,0,0,0
BRDA:15,0,1,0
BRDA:21,1,0,0
BRDA:21,1,1,0
BRDA:33,2,0,0
BRDA:33,2,1,0
BRDA:51,3,0,0
BRDA:51,3,1,6
BRDA:56,4,0,0
BRDA:56,4,1,6
BRDA:68,5,0,0
BRDA:68,5,1,6
BRDA:78,6,0,0
BRDA:78,6,1,1
BRDA:84,7,0,1
BRDA:84,7,1,0
BRF:16
BRH:5
end_of_record
TN:
SF:routes\index.js
FN:4,(anonymous_0)
FNF:1
FNH:0
FNDA:0,(anonymous_0)
DA:2,3
DA:4,3
DA:5,0
LF:3
LH:2
BRF:0
BRH:0
end_of_record
TN:
SF:routes\localisation.js
FN:7,(anonymous_0)
FNF:1
FNH:0
FNDA:0,(anonymous_0)
DA:5,3
DA:7,3
DA:8,0
DA:9,0
DA:10,0
DA:11,0
DA:12,0
DA:14,0
DA:16,0
DA:18,0
DA:19,0
DA:20,0
DA:23,0
DA:24,0
DA:27,0
DA:30,0
DA:32,0
DA:33,0
LF:18
LH:2
BRDA:18,0,0,0
BRDA:18,0,1,0
BRDA:23,1,0,0
BRDA:23,1,1,0
BRDA:24,2,0,0
BRDA:24,2,1,0
BRF:6
BRH:0
end_of_record
TN:
SF:routes\meetings.js
FN:12,(anonymous_0)
FN:41,(anonymous_1)
FN:58,(anonymous_2)
FN:105,(anonymous_3)
FN:121,(anonymous_4)
FN:143,(anonymous_5)
FNF:6
FNH:1
FNDA:1,(anonymous_0)
FNDA:0,(anonymous_1)
FNDA:0,(anonymous_2)
FNDA:0,(anonymous_3)
FNDA:0,(anonymous_4)
FNDA:0,(anonymous_5)
DA:10,3
DA:12,3
DA:13,1
DA:14,1
DA:15,1
DA:17,1
DA:22,0
DA:23,0
DA:26,1
DA:27,1
DA:28,1
DA:30,1
DA:31,0
DA:32,0
DA:35,1
DA:36,0
DA:37,0
DA:41,1
DA:42,0
DA:45,1
DA:48,1
DA:53,1
DA:57,1
DA:59,0
DA:62,1
DA:64,0
DA:72,0
DA:73,0
DA:75,0
DA:76,0
DA:78,0
DA:79,0
DA:81,0
DA:84,0
DA:85,0
DA:86,0
DA:87,0
DA:89,1
DA:90,1
DA:92,1
DA:93,1
DA:94,1
DA:97,0
DA:100,0
DA:105,3
DA:106,0
DA:108,0
DA:109,0
DA:113,0
DA:115,0
DA:121,3
DA:122,0
DA:124,0
DA:125,0
DA:135,0
DA:136,0
DA:138,0
DA:143,3
DA:144,0
DA:146,0
DA:147,0
DA:149,0
DA:150,0
DA:152,0
DA:154,0
DA:157,0
LF:66
LH:25
BRDA:17,0,0,0
BRDA:17,0,1,1
BRDA:18,1,0,1
BRDA:18,1,1,1
BRDA:18,1,2,1
BRDA:30,2,0,0
BRDA:30,2,1,1
BRDA:35,3,0,0
BRDA:35,3,1,1
BRDA:45,4,0,1
BRDA:45,4,1,0
BRDA:62,5,0,0
BRDA:62,5,1,1
BRDA:149,6,0,0
BRDA:149,6,1,0
BRF:15
BRH:8
end_of_record
TN:
SF:routes\users.js
FN:19,(anonymous_0)
FN:52,(anonymous_1)
FN:63,(anonymous_2)
FN:74,(anonymous_3)
FN:77,(anonymous_4)
FN:101,(anonymous_5)
FN:132,(anonymous_6)
FN:168,(anonymous_7)
FN:197,(anonymous_8)
FN:214,(anonymous_9)
FNF:10
FNH:1
FNDA:0,(anonymous_0)
FNDA:0,(anonymous_1)
FNDA:0,(anonymous_2)
FNDA:0,(anonymous_3)
FNDA:0,(anonymous_4)
FNDA:0,(anonymous_5)
FNDA:1,(anonymous_6)
FNDA:0,(anonymous_7)
FNDA:0,(anonymous_8)
FNDA:0,(anonymous_9)
DA:12,3
DA:15,3
DA:20,0
DA:21,0
DA:22,0
DA:25,0
DA:26,0
DA:27,0
DA:30,0
DA:31,0
DA:32,0
DA:34,0
DA:41,0
DA:47,0
DA:52,3
DA:53,0
DA:54,0
DA:55,0
DA:56,0
DA:58,0
DA:63,3
DA:64,0
DA:65,0
DA:68,0
DA:69,0
DA:71,0
DA:73,0
DA:75,0
DA:76,0
DA:79,0
DA:81,0
DA:82,0
DA:89,0
DA:94,0
DA:96,0
DA:101,3
DA:102,0
DA:103,0
DA:104,0
DA:106,0
DA:107,0
DA:109,0
DA:110,0
DA:111,0
DA:114,0
DA:117,0
DA:119,0
DA:120,0
DA:122,0
DA:125,0
DA:132,3
DA:133,1
DA:134,1
DA:135,1
DA:138,1
DA:141,1
DA:143,1
DA:145,0
DA:146,0
DA:147,0
DA:150,1
DA:151,1
DA:152,1
DA:154,1
DA:155,1
DA:160,0
DA:165,3
DA:169,0
DA:170,0
DA:171,0
DA:172,0
DA:174,0
DA:175,0
DA:178,0
DA:179,0
DA:181,0
DA:182,0
DA:185,0
DA:186,0
DA:187,0
DA:188,0
DA:189,0
DA:190,0
DA:197,0
DA:198,0
DA:199,0
DA:202,0
DA:203,0
DA:205,0
DA:208,0
DA:214,3
DA:215,0
DA:216,0
DA:218,0
DA:220,0
DA:221,0
DA:223,0
DA:224,0
DA:227,0
DA:228,0
DA:229,0
DA:230,0
DA:232,0
DA:233,0
DA:235,0
DA:238,0
LF:106
LH:19
BRDA:20,0,0,0
BRDA:20,0,1,0
BRDA:21,1,0,0
BRDA:21,1,1,0
BRDA:21,2,0,0
BRDA:21,2,1,0
BRDA:26,3,0,0
BRDA:26,3,1,0
BRDA:26,4,0,0
BRDA:26,4,1,0
BRDA:26,4,2,0
BRDA:109,5,0,0
BRDA:109,5,1,0
BRDA:119,6,0,0
BRDA:119,6,1,0
BRDA:119,7,0,0
BRDA:119,7,1,0
BRDA:143,8,0,0
BRDA:143,8,1,1
BRDA:181,9,0,0
BRDA:181,9,1,0
BRDA:185,10,0,0
BRDA:185,10,1,0
BRDA:189,11,0,0
BRDA:189,11,1,0
BRDA:198,12,0,0
BRDA:198,12,1,0
BRDA:223,13,0,0
BRDA:223,13,1,0
BRDA:227,14,0,0
BRDA:227,14,1,0
BRDA:230,15,0,0
BRDA:230,15,1,0
BRF:33
BRH:1
end_of_record
TN:
SF:spec\utils.js
FN:9,(anonymous_0)
FN:13,generateValidJwt
FNF:2
FNH:2
FNDA:8,(anonymous_0)
FNDA:7,generateValidJwt
DA:7,3
DA:9,3
DA:10,8
DA:15,7
DA:16,7
DA:17,7
LF:6
LH:6
BRF:0
BRH:0
end_of_record
