TN:
SF:app.js
FN:41,(anonymous_0)
FN:46,(anonymous_1)
FNF:2
FNH:0
FNDA:0,(anonymous_0)
FNDA:0,(anonymous_1)
DA:18,3
DA:20,3
DA:22,3
DA:26,3
DA:30,3
DA:31,3
DA:32,3
DA:34,3
DA:35,3
DA:36,3
DA:37,3
DA:38,3
DA:41,3
DA:42,0
DA:46,3
DA:47,0
DA:50,0
DA:51,0
DA:54,0
DA:55,0
LF:20
LH:14
BRDA:51,0,0,0
BRDA:51,0,1,0
BRDA:54,1,0,0
BRDA:54,1,1,0
BRF:4
BRH:0
end_of_record
TN:
SF:config.js
FNF:0
FNH:0
DA:2,3
DA:5,3
DA:6,3
DA:7,3
LF:4
LH:4
BRDA:5,0,0,3
BRDA:5,0,1,0
BRDA:6,1,0,3
BRDA:6,1,1,3
BRDA:7,2,0,3
BRDA:7,2,1,3
BRF:6
BRH:5
end_of_record
TN:
SF:utils.js
FN:3,idValidation
FNF:1
FNH:0
FNDA:0,idValidation
DA:4,0
DA:5,0
DA:6,0
DA:7,0
DA:8,0
DA:12,0
LF:6
LH:0
BRDA:6,0,0,0
BRDA:6,0,1,0
BRDA:7,1,0,0
BRDA:7,1,1,0
BRF:4
BRH:0
end_of_record
TN:
SF:ws.js
FN:10,createWebSocketServer
FN:17,(anonymous_1)
FN:25,(anonymous_2)
FN:41,(anonymous_3)
FN:48,broadcastMessage
FN:53,(anonymous_5)
FN:57,sendMessageToConnectedClient
FN:82,onMessageReceived
FNF:8
FNH:2
FNDA:0,createWebSocketServer
FNDA:0,(anonymous_1)
FNDA:0,(anonymous_2)
FNDA:0,(anonymous_3)
FNDA:3,broadcastMessage
FNDA:0,(anonymous_5)
FNDA:4,sendMessageToConnectedClient
FNDA:0,onMessageReceived
DA:4,3
DA:6,3
DA:8,3
DA:11,0
DA:12,0
DA:17,0
DA:18,0
DA:22,0
DA:25,0
DA:28,0
DA:29,0
DA:32,0
DA:36,0
DA:41,0
DA:42,0
DA:43,0
DA:49,3
DA:53,3
DA:58,4
DA:63,4
DA:66,4
DA:67,0
DA:68,0
DA:71,0
DA:75,4
DA:76,0
DA:83,0
DA:86,0
DA:87,0
LF:29
LH:9
BRDA:66,0,0,0
BRDA:66,0,1,4
BRDA:66,1,0,4
BRDA:66,1,1,0
BRDA:75,2,0,0
BRDA:75,2,1,4
BRDA:86,3,0,0
BRDA:86,3,1,0
BRF:8
BRH:3
end_of_record
TN:
SF:models\animal.js
FNF:0
FNH:0
DA:2,3
DA:4,3
LF:2
LH:2
BRF:0
BRH:0
end_of_record
TN:
SF:models\meeting.js
FNF:0
FNH:0
DA:2,3
DA:4,3
LF:2
LH:2
BRF:0
BRH:0
end_of_record
TN:
SF:models\user.js
FN:64,validateGeoJsonCoordinates
FN:74,isLatitude
FN:78,isLongitude
FN:86,transformJsonUser
FNF:4
FNH:4
FNDA:17,validateGeoJsonCoordinates
FNDA:17,isLatitude
FNDA:17,isLongitude
FNDA:4,transformJsonUser
DA:2,3
DA:4,3
DA:61,3
DA:65,17
DA:75,17
DA:79,17
DA:82,3
DA:87,4
DA:88,4
LF:9
LH:9
BRDA:66,0,0,17
BRDA:66,0,1,17
BRDA:66,0,2,17
BRDA:66,0,3,17
BRDA:66,0,4,17
BRDA:75,1,0,17
BRDA:75,1,1,17
BRDA:79,2,0,17
BRDA:79,2,1,17
BRF:9
BRH:9
end_of_record
TN:
SF:routes\animals.js
FN:12,(anonymous_0)
FN:40,(anonymous_1)
FN:57,(anonymous_2)
FN:81,(anonymous_3)
FN:97,(anonymous_4)
FN:127,(anonymous_5)
FN:148,(anonymous_6)
FN:162,(anonymous_7)
FN:192,(anonymous_8)
FN:217,(anonymous_9)
FN:247,(anonymous_10)
FN:260,(anonymous_11)
FN:300,(anonymous_12)
FNF:13
FNH:4
FNDA:1,(anonymous_0)
FNDA:1,(anonymous_1)
FNDA:0,(anonymous_2)
FNDA:2,(anonymous_3)
FNDA:2,(anonymous_4)
FNDA:0,(anonymous_5)
FNDA:0,(anonymous_6)
FNDA:0,(anonymous_7)
FNDA:0,(anonymous_8)
FNDA:0,(anonymous_9)
FNDA:0,(anonymous_10)
FNDA:0,(anonymous_11)
FNDA:0,(anonymous_12)
DA:9,3
DA:12,3
DA:13,1
DA:14,1
DA:16,1
DA:18,1
DA:19,0
DA:22,1
DA:25,1
DA:33,1
DA:35,0
DA:40,3
DA:41,1
DA:42,1
DA:45,1
DA:50,1
DA:52,0
DA:57,3
DA:58,0
DA:59,0
DA:60,0
DA:74,0
DA:76,0
DA:81,3
DA:82,2
DA:84,2
DA:85,2
DA:87,2
DA:89,0
DA:90,0
DA:91,0
DA:94,2
DA:95,2
DA:96,2
DA:97,2
DA:99,2
DA:100,0
DA:103,0
DA:104,0
DA:108,2
DA:109,2
DA:110,2
DA:113,2
DA:114,2
DA:116,2
DA:117,2
DA:122,0
DA:127,3
DA:128,0
DA:129,0
DA:130,0
DA:135,0
DA:136,0
DA:137,0
DA:138,0
DA:142,0
DA:143,0
DA:145,0
DA:148,0
DA:149,0
DA:152,0
DA:154,0
DA:158,0
DA:162,3
DA:163,0
DA:164,0
DA:165,0
DA:167,0
DA:169,0
DA:170,0
DA:173,0
DA:176,0
DA:177,0
DA:180,0
DA:184,0
DA:191,0
DA:192,0
DA:195,0
DA:196,0
DA:201,0
DA:204,0
DA:206,0
DA:207,0
DA:209,0
DA:210,0
DA:212,0
DA:217,3
DA:218,0
DA:219,0
DA:220,0
DA:221,0
DA:222,0
DA:223,0
DA:224,0
DA:227,0
DA:229,0
DA:230,0
DA:231,0
DA:234,0
DA:235,0
DA:238,0
DA:241,0
DA:243,0
DA:247,0
DA:248,0
DA:250,0
DA:253,0
DA:255,0
DA:260,3
DA:261,0
DA:262,0
DA:263,0
DA:264,0
DA:265,0
DA:266,0
DA:268,0
DA:269,0
DA:272,0
DA:275,0
DA:276,0
DA:277,0
DA:280,0
DA:281,0
DA:284,0
DA:287,0
DA:289,0
DA:290,0
DA:291,0
DA:292,0
DA:295,0
DA:299,0
DA:300,0
DA:303,0
DA:306,0
DA:308,0
LF:135
LH:36
BRDA:18,0,0,0
BRDA:18,0,1,1
BRDA:87,1,0,0
BRDA:87,1,1,2
BRDA:99,2,0,0
BRDA:99,2,1,2
BRDA:135,3,0,0
BRDA:135,3,1,0
BRDA:169,4,0,0
BRDA:169,4,1,0
BRDA:176,5,0,0
BRDA:176,5,1,0
BRDA:195,6,0,0
BRDA:195,6,1,0
BRDA:223,7,0,0
BRDA:223,7,1,0
BRDA:229,8,0,0
BRDA:229,8,1,0
BRDA:234,9,0,0
BRDA:234,9,1,0
BRDA:241,10,0,0
BRDA:241,10,1,0
BRDA:243,11,0,0
BRDA:243,11,1,0
BRDA:268,12,0,0
BRDA:268,12,1,0
BRDA:275,13,0,0
BRDA:275,13,1,0
BRDA:280,14,0,0
BRDA:280,14,1,0
BRDA:287,15,0,0
BRDA:287,15,1,0
BRDA:291,16,0,0
BRDA:291,16,1,0
BRF:34
BRH:3
end_of_record
TN:
SF:routes\auth.js
FN:11,(anonymous_0)
FN:34,(anonymous_1)
FN:50,authenticate
FN:80,authorize
FN:81,authorizationMiddleware
FN:96,(anonymous_5)
FNF:6
FNH:3
FNDA:0,(anonymous_0)
FNDA:0,(anonymous_1)
FNDA:8,authenticate
FNDA:6,authorize
FNDA:1,authorizationMiddleware
FNDA:0,(anonymous_5)
DA:8,3
DA:11,3
DA:12,0
DA:13,0
DA:14,0
DA:15,0
DA:16,0
DA:21,0
DA:23,0
DA:24,0
DA:27,0
DA:28,0
DA:34,0
DA:35,0
DA:36,0
DA:38,0
DA:41,0
DA:43,0
DA:52,8
DA:53,8
DA:54,0
DA:57,8
DA:58,8
DA:59,0
DA:64,8
DA:66,8
DA:67,8
DA:68,8
DA:71,8
DA:72,8
DA:74,8
DA:76,0
DA:81,6
DA:82,1
DA:83,0
DA:86,1
DA:88,1
DA:89,0
DA:92,1
DA:96,3
DA:97,0
DA:98,0
DA:99,0
DA:101,0
LF:44
LH:19
BRDA:15,0,0,0
BRDA:15,0,1,0
BRDA:23,1,0,0
BRDA:23,1,1,0
BRDA:35,2,0,0
BRDA:35,2,1,0
BRDA:53,3,0,0
BRDA:53,3,1,8
BRDA:58,4,0,0
BRDA:58,4,1,8
BRDA:72,5,0,8
BRDA:72,5,1,0
BRDA:82,6,0,0
BRDA:82,6,1,1
BRDA:88,7,0,0
BRDA:88,7,1,1
BRF:16
BRH:5
end_of_record
TN:
SF:routes\index.js
FN:4,(anonymous_0)
FNF:1
FNH:0
FNDA:0,(anonymous_0)
DA:2,3
DA:4,3
DA:5,0
LF:3
LH:2
BRF:0
BRH:0
end_of_record
TN:
SF:routes\meetings.js
FN:11,(anonymous_0)
FN:44,(anonymous_1)
FN:61,(anonymous_2)
FN:121,(anonymous_3)
FN:136,(anonymous_4)
FN:145,(anonymous_5)
FN:155,(anonymous_6)
FN:170,(anonymous_7)
FNF:8
FNH:2
FNDA:3,(anonymous_0)
FNDA:0,(anonymous_1)
FNDA:1,(anonymous_2)
FNDA:0,(anonymous_3)
FNDA:0,(anonymous_4)
FNDA:0,(anonymous_5)
FNDA:0,(anonymous_6)
FNDA:0,(anonymous_7)
DA:9,3
DA:11,3
DA:12,3
DA:13,3
DA:14,3
DA:16,3
DA:21,0
DA:22,0
DA:25,3
DA:26,3
DA:27,3
DA:29,3
DA:30,0
DA:33,0
DA:36,3
DA:37,0
DA:40,0
DA:44,3
DA:45,0
DA:48,3
DA:51,3
DA:56,3
DA:60,3
DA:62,1
DA:65,3
DA:67,1
DA:75,1
DA:76,1
DA:78,1
DA:79,1
DA:81,1
DA:82,1
DA:84,1
DA:87,1
DA:88,1
DA:89,1
DA:90,1
DA:92,2
DA:93,2
DA:95,2
DA:96,2
DA:99,0
DA:102,0
DA:121,3
DA:122,0
DA:124,0
DA:125,0
DA:129,0
DA:131,0
DA:136,3
DA:137,0
DA:138,0
DA:141,0
DA:144,0
DA:145,0
DA:146,0
DA:148,0
DA:150,0
DA:155,3
DA:156,0
DA:157,0
DA:159,0
DA:163,0
DA:165,0
DA:170,3
DA:171,0
DA:172,0
DA:173,0
DA:175,0
DA:176,0
DA:177,0
DA:180,0
DA:183,0
DA:184,0
DA:186,0
DA:187,0
DA:189,0
DA:190,0
DA:192,0
DA:193,0
DA:194,0
DA:197,0
DA:199,0
DA:201,0
DA:202,0
DA:203,0
DA:204,0
DA:205,0
DA:207,0
LF:89
LH:38
BRDA:16,0,0,0
BRDA:16,0,1,3
BRDA:17,1,0,3
BRDA:17,1,1,3
BRDA:17,1,2,3
BRDA:29,2,0,0
BRDA:29,2,1,3
BRDA:36,3,0,0
BRDA:36,3,1,3
BRDA:48,4,0,3
BRDA:48,4,1,0
BRDA:65,5,0,1
BRDA:65,5,1,2
BRDA:176,6,0,0
BRDA:176,6,1,0
BRDA:190,7,0,0
BRDA:190,7,1,0
BRDA:192,8,0,0
BRDA:192,8,1,0
BRDA:192,9,0,0
BRDA:192,9,1,0
BRF:21
BRH:9
end_of_record
TN:
SF:routes\users.js
FN:19,(anonymous_0)
FN:52,(anonymous_1)
FN:63,(anonymous_2)
FN:74,(anonymous_3)
FN:77,(anonymous_4)
FN:101,(anonymous_5)
FN:132,(anonymous_6)
FN:178,(anonymous_7)
FN:197,(anonymous_8)
FN:219,(anonymous_9)
FN:236,(anonymous_10)
FNF:11
FNH:2
FNDA:1,(anonymous_0)
FNDA:0,(anonymous_1)
FNDA:0,(anonymous_2)
FNDA:0,(anonymous_3)
FNDA:0,(anonymous_4)
FNDA:0,(anonymous_5)
FNDA:1,(anonymous_6)
FNDA:0,(anonymous_7)
FNDA:0,(anonymous_8)
FNDA:0,(anonymous_9)
FNDA:0,(anonymous_10)
DA:12,3
DA:15,3
DA:20,1
DA:21,1
DA:22,0
DA:25,1
DA:26,1
DA:27,0
DA:30,1
DA:31,1
DA:32,1
DA:34,1
DA:41,1
DA:47,0
DA:52,3
DA:53,0
DA:54,0
DA:55,0
DA:56,0
DA:58,0
DA:63,3
DA:64,0
DA:65,0
DA:68,0
DA:69,0
DA:71,0
DA:73,0
DA:75,0
DA:76,0
DA:79,0
DA:81,0
DA:82,0
DA:89,0
DA:94,0
DA:96,0
DA:101,3
DA:102,0
DA:103,0
DA:104,0
DA:106,0
DA:107,0
DA:109,0
DA:110,0
DA:113,0
DA:116,0
DA:119,0
DA:121,0
DA:122,0
DA:124,0
DA:127,0
DA:132,3
DA:133,1
DA:134,1
DA:135,1
DA:136,1
DA:137,1
DA:139,1
DA:140,0
DA:143,0
DA:144,0
DA:148,1
DA:151,1
DA:153,1
DA:155,0
DA:156,0
DA:157,0
DA:160,1
DA:161,1
DA:162,1
DA:164,1
DA:165,1
DA:170,0
DA:175,3
DA:179,0
DA:180,0
DA:181,0
DA:182,0
DA:184,0
DA:185,0
DA:188,0
DA:189,0
DA:191,0
DA:192,0
DA:197,0
DA:198,0
DA:201,0
DA:202,0
DA:207,0
DA:208,0
DA:209,0
DA:210,0
DA:211,0
DA:212,0
DA:219,0
DA:220,0
DA:221,0
DA:224,0
DA:225,0
DA:227,0
DA:230,0
DA:236,3
DA:237,0
DA:238,0
DA:240,0
DA:242,0
DA:243,0
DA:245,0
DA:246,0
DA:251,0
DA:252,0
DA:253,0
DA:256,0
DA:258,0
DA:259,0
DA:263,0
DA:266,0
LF:116
LH:31
BRDA:20,0,0,1
BRDA:20,0,1,0
BRDA:21,1,0,0
BRDA:21,1,1,1
BRDA:21,2,0,1
BRDA:21,2,1,1
BRDA:26,3,0,0
BRDA:26,3,1,1
BRDA:26,4,0,1
BRDA:26,4,1,1
BRDA:26,4,2,1
BRDA:109,5,0,0
BRDA:109,5,1,0
BRDA:121,6,0,0
BRDA:121,6,1,0
BRDA:121,7,0,0
BRDA:121,7,1,0
BRDA:139,8,0,0
BRDA:139,8,1,1
BRDA:139,9,0,1
BRDA:139,9,1,1
BRDA:139,9,2,1
BRDA:153,10,0,0
BRDA:153,10,1,1
BRDA:191,11,0,0
BRDA:191,11,1,0
BRDA:201,12,0,0
BRDA:201,12,1,0
BRDA:207,13,0,0
BRDA:207,13,1,0
BRDA:211,14,0,0
BRDA:211,14,1,0
BRDA:220,15,0,0
BRDA:220,15,1,0
BRDA:245,16,0,0
BRDA:245,16,1,0
BRDA:251,17,0,0
BRDA:251,17,1,0
BRDA:256,18,0,0
BRDA:256,18,1,0
BRF:40
BRH:13
end_of_record
TN:
SF:spec\utils.js
FN:9,(anonymous_0)
FN:13,generateValidJwt
FNF:2
FNH:2
FNDA:8,(anonymous_0)
FNDA:9,generateValidJwt
DA:7,3
DA:9,3
DA:10,8
DA:15,9
DA:16,9
DA:17,9
LF:6
LH:6
BRF:0
BRH:0
end_of_record
